#
# There is insufficient memory for the Java Runtime Environment to continue.
# Native memory allocation (malloc) failed to allocate 142606336 bytes for committing reserved memory.
# Possible reasons:
#   The system is out of physical RAM or swap space
#   In 32 bit mode, the process size limit was hit
# Possible solutions:
#   Reduce memory load on the system
#   Increase physical memory or swap space
#   Check if swap backing store is full
#   Use 64 bit Java on a 64 bit OS
#   Decrease Java heap size (-Xmx/-Xms)
#   Decrease number of Java threads
#   Decrease Java thread stack sizes (-Xss)
#   Set larger code cache with -XX:ReservedCodeCacheSize=
# This output file may be truncated or incomplete.
#
#  Out of Memory Error (os_linux.cpp:2809), pid=6178, tid=139843685086976
#
# JRE version: OpenJDK Runtime Environment (7.0_79-b14) (build 1.7.0_79-b14)
# Java VM: OpenJDK 64-Bit Server VM (24.79-b02 mixed mode linux-amd64 compressed oops)
# Derivative: IcedTea 2.5.6
# Distribution: Ubuntu 15.04, package 7u79-2.5.6-0ubuntu1.15.04.1
# Failed to write core dump. Core dumps have been disabled. To enable core dumping, try "ulimit -c unlimited" before starting Java again
#

---------------  T H R E A D  ---------------

Current thread (0x00007f2ff013e000):  VMThread [stack: 0x00007f2fe51c7000,0x00007f2fe52c8000] [id=6213]

Stack: [0x00007f2fe51c7000,0x00007f2fe52c8000],  sp=0x00007f2fe52c64e0,  free space=1021k
Native frames: (J=compiled Java code, j=interpreted, Vv=VM code, C=native code)
V  [libjvm.so+0x98a166]  VMError::report_and_die()+0x186
V  [libjvm.so+0x48f932]  report_vm_out_of_memory(char const*, int, unsigned long, char const*)+0x92
V  [libjvm.so+0x7fd56b]  os::pd_commit_memory(char*, unsigned long, unsigned long, bool)+0xeb
V  [libjvm.so+0x7f7c4e]  os::commit_memory(char*, unsigned long, unsigned long, bool)+0x2e
V  [libjvm.so+0x86a56b]  PSVirtualSpace::expand_by(unsigned long)+0x5b
V  [libjvm.so+0x86b413]  PSYoungGen::resize_generation(unsigned long, unsigned long)+0xd3
V  [libjvm.so+0x86bb2b]  PSYoungGen::resize(unsigned long, unsigned long)+0x1b
V  [libjvm.so+0x867539]  PSScavenge::invoke_no_policy()+0xdc9
V  [libjvm.so+0x867d18]  PSScavenge::invoke()+0x38
V  [libjvm.so+0x81fb73]  ParallelScavengeHeap::failed_mem_allocate(unsigned long)+0x63
V  [libjvm.so+0x98ba32]  VM_ParallelGCFailedAllocation::doit()+0x92
V  [libjvm.so+0x9902e7]  VM_Operation::evaluate()+0x47
V  [libjvm.so+0x98e8cb]  VMThread::evaluate_operation(VM_Operation*)+0xab
V  [libjvm.so+0x98ef76]  VMThread::loop()+0x1e6
V  [libjvm.so+0x98f441]  VMThread::run()+0x81
V  [libjvm.so+0x7fa492]  java_start(Thread*)+0xf2

VM_Operation (0x00007f2fc5a27ff0): ParallelGCFailedAllocation, mode: safepoint, requested by thread 0x00007f2ff025f800


---------------  P R O C E S S  ---------------

Java Threads: ( => current thread )
  0x00007f2ff0261000 JavaThread "pool-1-thread-4" [_thread_blocked, id=6260, stack(0x00007f2fc5828000,0x00007f2fc5929000)]
  0x00007f2ff025f800 JavaThread "pool-1-thread-3" [_thread_blocked, id=6259, stack(0x00007f2fc5929000,0x00007f2fc5a2a000)]
  0x00007f2ff025e000 JavaThread "pool-1-thread-2" [_thread_blocked, id=6258, stack(0x00007f2fc5a2a000,0x00007f2fc5b2b000)]
  0x00007f2ff025a800 JavaThread "pool-2-thread-1" [_thread_blocked, id=6255, stack(0x00007f2fc5b2b000,0x00007f2fc5c2c000)]
  0x00007f2ff0259000 JavaThread "pool-1-thread-1" [_thread_blocked, id=6254, stack(0x00007f2fc5c2c000,0x00007f2fc5d2d000)]
  0x00007f2ff01d3800 JavaThread "Service Thread" daemon [_thread_blocked, id=6241, stack(0x00007f2fc78f3000,0x00007f2fc79f4000)]
  0x00007f2ff01ca800 JavaThread "C2 CompilerThread1" daemon [_thread_blocked, id=6234, stack(0x00007f2fc79f4000,0x00007f2fc7af5000)]
  0x00007f2ff01c8800 JavaThread "C2 CompilerThread0" daemon [_thread_blocked, id=6230, stack(0x00007f2fc7af5000,0x00007f2fc7bf6000)]
  0x00007f2ff0171800 JavaThread "Signal Dispatcher" daemon [_thread_blocked, id=6225, stack(0x00007f2fe47e2000,0x00007f2fe48e3000)]
  0x00007f2ff0144800 JavaThread "Finalizer" daemon [_thread_blocked, id=6218, stack(0x00007f2fe4fc5000,0x00007f2fe50c6000)]
  0x00007f2ff0142800 JavaThread "Reference Handler" daemon [_thread_blocked, id=6216, stack(0x00007f2fe50c6000,0x00007f2fe51c7000)]
  0x00007f2ff000b000 JavaThread "main" [_thread_blocked, id=6194, stack(0x00007f2ff7a62000,0x00007f2ff7b63000)]

Other Threads:
=>0x00007f2ff013e000 VMThread [stack: 0x00007f2fe51c7000,0x00007f2fe52c8000] [id=6213]
  0x00007f2ff01de000 WatcherThread [stack: 0x00007f2fc77f2000,0x00007f2fc78f3000] [id=6242]

VM state:at safepoint (normal execution)

VM Mutex/Monitor currently owned by a thread:  ([mutex/lock_event])
[0x00007f2ff0007a90] Threads_lock - owner thread: 0x00007f2ff013e000
[0x00007f2ff0007f90] Heap_lock - owner thread: 0x00007f2ff025f800

Heap
 PSYoungGen      total 137728K, used 17381K [0x00000000eaa80000, 0x00000000f4480000, 0x0000000100000000)
  eden space 120320K, 0% used [0x00000000eaa80000,0x00000000eaa80000,0x00000000f2000000)
  from space 17408K, 99% used [0x00000000f2000000,0x00000000f30f9510,0x00000000f3100000)
  to   space 14848K, 0% used [0x00000000f3100000,0x00000000f3100000,0x00000000f3f80000)
 ParOldGen       total 40448K, used 35642K [0x00000000c0000000, 0x00000000c2780000, 0x00000000eaa80000)
  object space 40448K, 88% used [0x00000000c0000000,0x00000000c22ceaa8,0x00000000c2780000)
 PSPermGen       total 21504K, used 6421K [0x00000000b5a00000, 0x00000000b6f00000, 0x00000000c0000000)
  object space 21504K, 29% used [0x00000000b5a00000,0x00000000b6045530,0x00000000b6f00000)

Card table byte_map: [0x00007f2ff41f7000,0x00007f2ff444b000] byte_map_base: 0x00007f2ff3c4a000

Polling page: 0x00007f2ff7b8c000

Code Cache  [0x00007f2fed000000, 0x00007f2fed270000, 0x00007f2ff0000000)
 total_blobs=617 nmethods=382 adapters=186 free_code_cache=47537Kb largest_free_block=48611648

Compilation events (10 events):
Event: 24.207 Thread 0x00007f2ff01c8800 nmethod 383 0x00007f2fed0fb090 code [0x00007f2fed0fb1e0, 0x00007f2fed0fb2d8]
Event: 24.207 Thread 0x00007f2ff01c8800  384             com.android.dx.dex.code.RopTranslator$LocalVariableAwareTranslationVisitor::addIntroductionIfNecessary (30 bytes)
Event: 24.270 Thread 0x00007f2ff01c8800 nmethod 384 0x00007f2fed0fa610 code [0x00007f2fed0fa7c0, 0x00007f2fed0fab48]
Event: 24.270 Thread 0x00007f2ff01c8800  385             com.android.dx.rop.code.LocalVariableInfo::getAssignment (12 bytes)
Event: 24.288 Thread 0x00007f2ff01c8800 nmethod 385 0x00007f2fed0f9fd0 code [0x00007f2fed0fa140, 0x00007f2fed0fa358]
Event: 24.288 Thread 0x00007f2ff01c8800  386             java.util.BitSet::ensureCapacity (39 bytes)
Event: 24.312 Thread 0x00007f2ff01c8800 nmethod 386 0x00007f2fed183ad0 code [0x00007f2fed183c20, 0x00007f2fed183df8]
Event: 24.312 Thread 0x00007f2ff01c8800  387             com.android.dx.ssa.SsaBasicBlock::getPrimarySuccessorIndex (5 bytes)
Event: 24.313 Thread 0x00007f2ff01c8800 nmethod 387 0x00007f2fed18d2d0 code [0x00007f2fed18d400, 0x00007f2fed18d458]
Event: 24.313 Thread 0x00007f2ff01c8800  388             com.android.dx.ssa.SsaMethod::isRegALocal (90 bytes)

GC Heap History (10 events):
Event: 2.237 GC heap after
Heap after GC invocations=2 (full 0):
 PSYoungGen      total 33280K, used 2537K [0x00000000eaa80000, 0x00000000ecd80000, 0x0000000100000000)
  eden space 30720K, 0% used [0x00000000eaa80000,0x00000000eaa80000,0x00000000ec880000)
  from space 2560K, 99% used [0x00000000ecb00000,0x00000000ecd7a608,0x00000000ecd80000)
  to   space 2560K, 0% used [0x00000000ec880000,0x00000000ec880000,0x00000000ecb00000)
 ParOldGen       total 40448K, used 1676K [0x00000000c0000000, 0x00000000c2780000, 0x00000000eaa80000)
  object space 40448K, 4% used [0x00000000c0000000,0x00000000c01a33f8,0x00000000c2780000)
 PSPermGen       total 21504K, used 5989K [0x00000000b5a00000, 0x00000000b6f00000, 0x00000000c0000000)
  object space 21504K, 27% used [0x00000000b5a00000,0x00000000b5fd9510,0x00000000b6f00000)
}
Event: 4.688 GC heap before
{Heap before GC invocations=3 (full 0):
 PSYoungGen      total 33280K, used 33257K [0x00000000eaa80000, 0x00000000ecd80000, 0x0000000100000000)
  eden space 30720K, 100% used [0x00000000eaa80000,0x00000000ec880000,0x00000000ec880000)
  from space 2560K, 99% used [0x00000000ecb00000,0x00000000ecd7a608,0x00000000ecd80000)
  to   space 2560K, 0% used [0x00000000ec880000,0x00000000ec880000,0x00000000ecb00000)
 ParOldGen       total 40448K, used 1676K [0x00000000c0000000, 0x00000000c2780000, 0x00000000eaa80000)
  object space 40448K, 4% used [0x00000000c0000000,0x00000000c01a33f8,0x00000000c2780000)
 PSPermGen       total 21504K, used 6206K [0x00000000b5a00000, 0x00000000b6f00000, 0x00000000c0000000)
  object space 21504K, 28% used [0x00000000b5a00000,0x00000000b600fbf8,0x00000000b6f00000)
Event: 4.743 GC heap after
Heap after GC invocations=3 (full 0):
 PSYoungGen      total 33280K, used 2555K [0x00000000eaa80000, 0x00000000eeb80000, 0x0000000100000000)
  eden space 30720K, 0% used [0x00000000eaa80000,0x00000000eaa80000,0x00000000ec880000)
  from space 2560K, 99% used [0x00000000ec880000,0x00000000ecafef80,0x00000000ecb00000)
  to   space 2560K, 0% used [0x00000000ee900000,0x00000000ee900000,0x00000000eeb80000)
 ParOldGen       total 40448K, used 6768K [0x00000000c0000000, 0x00000000c2780000, 0x00000000eaa80000)
  object space 40448K, 16% used [0x00000000c0000000,0x00000000c069c0e8,0x00000000c2780000)
 PSPermGen       total 21504K, used 6206K [0x00000000b5a00000, 0x00000000b6f00000, 0x00000000c0000000)
  object space 21504K, 28% used [0x00000000b5a00000,0x00000000b600fbf8,0x00000000b6f00000)
}
Event: 7.196 GC heap before
{Heap before GC invocations=4 (full 0):
 PSYoungGen      total 33280K, used 33275K [0x00000000eaa80000, 0x00000000eeb80000, 0x0000000100000000)
  eden space 30720K, 100% used [0x00000000eaa80000,0x00000000ec880000,0x00000000ec880000)
  from space 2560K, 99% used [0x00000000ec880000,0x00000000ecafef80,0x00000000ecb00000)
  to   space 2560K, 0% used [0x00000000ee900000,0x00000000ee900000,0x00000000eeb80000)
 ParOldGen       total 40448K, used 6768K [0x00000000c0000000, 0x00000000c2780000, 0x00000000eaa80000)
  object space 40448K, 16% used [0x00000000c0000000,0x00000000c069c0e8,0x00000000c2780000)
 PSPermGen       total 21504K, used 6260K [0x00000000b5a00000, 0x00000000b6f00000, 0x00000000c0000000)
  object space 21504K, 29% used [0x00000000b5a00000,0x00000000b601d248,0x00000000b6f00000)
Event: 7.257 GC heap after
Heap after GC invocations=4 (full 0):
 PSYoungGen      total 64000K, used 2542K [0x00000000eaa80000, 0x00000000eeb80000, 0x0000000100000000)
  eden space 61440K, 0% used [0x00000000eaa80000,0x00000000eaa80000,0x00000000ee680000)
  from space 2560K, 99% used [0x00000000ee900000,0x00000000eeb7b8d8,0x00000000eeb80000)
  to   space 2560K, 0% used [0x00000000ee680000,0x00000000ee680000,0x00000000ee900000)
 ParOldGen       total 40448K, used 11700K [0x00000000c0000000, 0x00000000c2780000, 0x00000000eaa80000)
  object space 40448K, 28% used [0x00000000c0000000,0x00000000c0b6d098,0x00000000c2780000)
 PSPermGen       total 21504K, used 6260K [0x00000000b5a00000, 0x00000000b6f00000, 0x00000000c0000000)
  object space 21504K, 29% used [0x00000000b5a00000,0x00000000b601d248,0x00000000b6f00000)
}
Event: 12.118 GC heap before
{Heap before GC invocations=5 (full 0):
 PSYoungGen      total 64000K, used 63982K [0x00000000eaa80000, 0x00000000eeb80000, 0x0000000100000000)
  eden space 61440K, 100% used [0x00000000eaa80000,0x00000000ee680000,0x00000000ee680000)
  from space 2560K, 99% used [0x00000000ee900000,0x00000000eeb7b8d8,0x00000000eeb80000)
  to   space 2560K, 0% used [0x00000000ee680000,0x00000000ee680000,0x00000000ee900000)
 ParOldGen       total 40448K, used 11700K [0x00000000c0000000, 0x00000000c2780000, 0x00000000eaa80000)
  object space 40448K, 28% used [0x00000000c0000000,0x00000000c0b6d098,0x00000000c2780000)
 PSPermGen       total 21504K, used 6301K [0x00000000b5a00000, 0x00000000b6f00000, 0x00000000c0000000)
  object space 21504K, 29% used [0x00000000b5a00000,0x00000000b60274b8,0x00000000b6f00000)
Event: 12.297 GC heap after
Heap after GC invocations=5 (full 0):
 PSYoungGen      total 64000K, used 2555K [0x00000000eaa80000, 0x00000000f3f80000, 0x0000000100000000)
  eden space 61440K, 0% used [0x00000000eaa80000,0x00000000eaa80000,0x00000000ee680000)
  from space 2560K, 99% used [0x00000000ee680000,0x00000000ee8fef70,0x00000000ee900000)
  to   space 14848K, 0% used [0x00000000f3100000,0x00000000f3100000,0x00000000f3f80000)
 ParOldGen       total 40448K, used 21651K [0x00000000c0000000, 0x00000000c2780000, 0x00000000eaa80000)
  object space 40448K, 53% used [0x00000000c0000000,0x00000000c1524ef8,0x00000000c2780000)
 PSPermGen       total 21504K, used 6301K [0x00000000b5a00000, 0x00000000b6f00000, 0x00000000c0000000)
  object space 21504K, 29% used [0x00000000b5a00000,0x00000000b60274b8,0x00000000b6f00000)
}
Event: 17.632 GC heap before
{Heap before GC invocations=6 (full 0):
 PSYoungGen      total 64000K, used 63995K [0x00000000eaa80000, 0x00000000f3f80000, 0x0000000100000000)
  eden space 61440K, 100% used [0x00000000eaa80000,0x00000000ee680000,0x00000000ee680000)
  from space 2560K, 99% used [0x00000000ee680000,0x00000000ee8fef70,0x00000000ee900000)
  to   space 14848K, 0% used [0x00000000f3100000,0x00000000f3100000,0x00000000f3f80000)
 ParOldGen       total 40448K, used 21651K [0x00000000c0000000, 0x00000000c2780000, 0x00000000eaa80000)
  object space 40448K, 53% used [0x00000000c0000000,0x00000000c1524ef8,0x00000000c2780000)
 PSPermGen       total 21504K, used 6345K [0x00000000b5a00000, 0x00000000b6f00000, 0x00000000c0000000)
  object space 21504K, 29% used [0x00000000b5a00000,0x00000000b6032580,0x00000000b6f00000)
Event: 17.826 GC heap after
Heap after GC invocations=6 (full 0):
 PSYoungGen      total 135168K, used 13664K [0x00000000eaa80000, 0x00000000f4480000, 0x0000000100000000)
  eden space 120320K, 0% used [0x00000000eaa80000,0x00000000eaa80000,0x00000000f2000000)
  from space 14848K, 92% used [0x00000000f3100000,0x00000000f3e58010,0x00000000f3f80000)
  to   space 17408K, 0% used [0x00000000f2000000,0x00000000f2000000,0x00000000f3100000)
 ParOldGen       total 40448K, used 21651K [0x00000000c0000000, 0x00000000c2780000, 0x00000000eaa80000)
  object space 40448K, 53% used [0x00000000c0000000,0x00000000c1524ef8,0x00000000c2780000)
 PSPermGen       total 21504K, used 6345K [0x00000000b5a00000, 0x00000000b6f00000, 0x00000000c0000000)
  object space 21504K, 29% used [0x00000000b5a00000,0x00000000b6032580,0x00000000b6f00000)
}
Event: 24.325 GC heap before
{Heap before GC invocations=7 (full 0):
 PSYoungGen      total 135168K, used 133984K [0x00000000eaa80000, 0x00000000f4480000, 0x0000000100000000)
  eden space 120320K, 100% used [0x00000000eaa80000,0x00000000f2000000,0x00000000f2000000)
  from space 14848K, 92% used [0x00000000f3100000,0x00000000f3e58010,0x00000000f3f80000)
  to   space 17408K, 0% used [0x00000000f2000000,0x00000000f2000000,0x00000000f3100000)
 ParOldGen       total 40448K, used 21651K [0x00000000c0000000, 0x00000000c2780000, 0x00000000eaa80000)
  object space 40448K, 53% used [0x00000000c0000000,0x00000000c1524ef8,0x00000000c2780000)
 PSPermGen       total 21504K, used 6421K [0x00000000b5a00000, 0x00000000b6f00000, 0x00000000c0000000)
  object space 21504K, 29% used [0x00000000b5a00000,0x00000000b6045530,0x00000000b6f00000)

Deoptimization events (10 events):
Event: 4.409 Thread 0x00007f2ff000b000 Uncommon trap: reason=class_check action=maybe_recompile pc=0x00007f2fed0b4184 method=java.util.HashMap.put(Ljava/lang/Object;Ljava/lang/Object;)Ljava/lang/Object; @ 83
Event: 4.409 Thread 0x00007f2ff000b000 Uncommon trap: reason=class_check action=maybe_recompile pc=0x00007f2fed0b4184 method=java.util.HashMap.put(Ljava/lang/Object;Ljava/lang/Object;)Ljava/lang/Object; @ 83
Event: 4.409 Thread 0x00007f2ff000b000 Uncommon trap: reason=unreached action=reinterpret pc=0x00007f2fed081cc4 method=com.android.dx.rop.cst.Constant.compareTo(Lcom/android/dx/rop/cst/Constant;)I @ 12
Event: 5.494 Thread 0x00007f2ff000b000 Uncommon trap: reason=null_check action=make_not_entrant pc=0x00007f2fed0c8a00 method=com.android.dx.rop.type.Type.putIntern(Lcom/android/dx/rop/type/Type;)Lcom/android/dx/rop/type/Type; @ 18
Event: 6.041 Thread 0x00007f2ff025e000 Uncommon trap: reason=unreached action=reinterpret pc=0x00007f2fed0d2970 method=com.android.dx.ssa.LocalVariableExtractor.processBlock(I)V @ 251
Event: 6.093 Thread 0x00007f2ff025f800 Uncommon trap: reason=null_check action=make_not_entrant pc=0x00007f2fed0cbcc0 method=com.android.dx.ssa.SsaRenamer.getLocalForNewReg(I)Lcom/android/dx/rop/code/LocalItem; @ 19
Event: 14.187 Thread 0x00007f2ff000b000 Uncommon trap: reason=unloaded action=reinterpret pc=0x00007f2fed0f84d0 method=com.android.dx.cf.cst.ConstantPoolParser.parse0(ILjava/util/BitSet;)Lcom/android/dx/rop/cst/Constant; @ 220
Event: 16.411 Thread 0x00007f2ff025f800 Uncommon trap: reason=null_check action=make_not_entrant pc=0x00007f2fed130f70 method=com.android.dx.cf.code.Ropper$CatchInfo.getSetup(Lcom/android/dx/rop/type/Type;)Lcom/android/dx/cf/code/Ropper$ExceptionHandlerSetup; @ 10
Event: 23.743 Thread 0x00007f2ff025e000 Uncommon trap: reason=bimorphic action=maybe_recompile pc=0x00007f2fed192354 method=com.android.dx.cf.code.BytecodeArray.parseInstruction(ILcom/android/dx/cf/code/BytecodeArray$Visitor;)I @ 971
Event: 23.743 Thread 0x00007f2ff025e000 Uncommon trap: reason=bimorphic action=maybe_recompile pc=0x00007f2fed192354 method=com.android.dx.cf.code.BytecodeArray.parseInstruction(ILcom/android/dx/cf/code/BytecodeArray$Visitor;)I @ 971

Internal exceptions (10 events):
Event: 1.919 Thread 0x00007f2ff025e000 Threw 0x00000000eb67c008 at /build/openjdk-7-yI9zWD/openjdk-7-7u79-2.5.6/build/openjdk/hotspot/src/share/vm/prims/jvm.cpp:1284
Event: 1.981 Thread 0x00007f2ff000b000 Threw 0x00000000eb78eb58 at /build/openjdk-7-yI9zWD/openjdk-7-7u79-2.5.6/build/openjdk/hotspot/src/share/vm/prims/jvm.cpp:1284
Event: 3.216 Thread 0x00007f2ff0261000 Threw 0x00000000eb036d08 at /build/openjdk-7-yI9zWD/openjdk-7-7u79-2.5.6/build/openjdk/hotspot/src/share/vm/prims/jvm.cpp:1284
Event: 5.210 Thread 0x00007f2ff000b000 Threw 0x00000000eafeee10 at /build/openjdk-7-yI9zWD/openjdk-7-7u79-2.5.6/build/openjdk/hotspot/src/share/vm/prims/jvm.cpp:1284
Event: 5.344 Thread 0x00007f2ff000b000 Threw 0x00000000eb1d1718 at /build/openjdk-7-yI9zWD/openjdk-7-7u79-2.5.6/build/openjdk/hotspot/src/share/vm/prims/jvm.cpp:1284
Event: 5.494 Thread 0x00007f2ff000b000 Implicit null exception at 0x00007f2fed0c82c7 to 0x00007f2fed0c89f1
Event: 6.093 Thread 0x00007f2ff025f800 Implicit null exception at 0x00007f2fed0ca3cc to 0x00007f2fed0cbc89
Event: 7.489 Thread 0x00007f2ff025e000 Threw 0x00000000eae97c18 at /build/openjdk-7-yI9zWD/openjdk-7-7u79-2.5.6/build/openjdk/hotspot/src/share/vm/prims/jvm.cpp:1284
Event: 16.277 Thread 0x00007f2ff000b000 Threw 0x00000000ed4bd168 at /build/openjdk-7-yI9zWD/openjdk-7-7u79-2.5.6/build/openjdk/hotspot/src/share/vm/prims/jvm.cpp:1284
Event: 16.411 Thread 0x00007f2ff025f800 Implicit null exception at 0x00007f2fed12d621 to 0x00007f2fed130f3d

Events (10 events):
Event: 21.799 Thread 0x00007f2ff01c8800 flushing nmethod 0x00007f2fed0d0c90
Event: 23.743 Thread 0x00007f2ff025e000 Uncommon trap: trap_request=0xffffffc6 fr.pc=0x00007f2fed192354
Event: 23.743 Thread 0x00007f2ff025e000 DEOPT PACKING pc=0x00007f2fed192354 sp=0x00007f2fc5b29080
Event: 23.743 Thread 0x00007f2ff025e000 DEOPT UNPACKING pc=0x00007f2fed039445 sp=0x00007f2fc5b29038 mode 2
Event: 23.743 Thread 0x00007f2ff025e000 Uncommon trap: trap_request=0xffffffc6 fr.pc=0x00007f2fed192354
Event: 23.743 Thread 0x00007f2ff025e000 DEOPT PACKING pc=0x00007f2fed192354 sp=0x00007f2fc5b29080
Event: 23.743 Thread 0x00007f2ff025e000 DEOPT UNPACKING pc=0x00007f2fed039445 sp=0x00007f2fc5b29038 mode 2
Event: 23.943 Thread 0x00007f2ff01ca800 flushing nmethod 0x00007f2fed0f7950
Event: 23.967 Thread 0x00007f2ff01ca800 flushing nmethod 0x00007f2fed12a890
Event: 24.318 Executing VM operation: ParallelGCFailedAllocation


Dynamic libraries:
00400000-00401000 r-xp 00000000 08:01 4331136                            /usr/lib/jvm/java-7-openjdk-amd64/jre/bin/java
00600000-00601000 r--p 00000000 08:01 4331136                            /usr/lib/jvm/java-7-openjdk-amd64/jre/bin/java
00601000-00602000 rw-p 00001000 08:01 4331136                            /usr/lib/jvm/java-7-openjdk-amd64/jre/bin/java
01bca000-01beb000 rw-p 00000000 00:00 0                                  [heap]
b5a00000-b6f00000 rw-p 00000000 00:00 0 
b6f00000-c0000000 rw-p 00000000 00:00 0 
c0000000-c2780000 rw-p 00000000 00:00 0 
c2780000-eaa80000 rw-p 00000000 00:00 0 
eaa80000-f4480000 rw-p 00000000 00:00 0 
fcc80000-100000000 rw-p 00000000 00:00 0 
7f2fa0000000-7f2fa0021000 rw-p 00000000 00:00 0 
7f2fa0021000-7f2fa4000000 ---p 00000000 00:00 0 
7f2fa4000000-7f2fa4021000 rw-p 00000000 00:00 0 
7f2fa4021000-7f2fa8000000 ---p 00000000 00:00 0 
7f2fa8000000-7f2fa8021000 rw-p 00000000 00:00 0 
7f2fa8021000-7f2fac000000 ---p 00000000 00:00 0 
7f2fac000000-7f2fac035000 rw-p 00000000 00:00 0 
7f2fac035000-7f2fb0000000 ---p 00000000 00:00 0 
7f2fb0000000-7f2fb0021000 rw-p 00000000 00:00 0 
7f2fb0021000-7f2fb4000000 ---p 00000000 00:00 0 
7f2fb4000000-7f2fb4026000 rw-p 00000000 00:00 0 
7f2fb4026000-7f2fb8000000 ---p 00000000 00:00 0 
7f2fb8000000-7f2fb97e5000 rw-p 00000000 00:00 0 
7f2fb97e5000-7f2fbc000000 ---p 00000000 00:00 0 
7f2fbc000000-7f2fbc021000 rw-p 00000000 00:00 0 
7f2fbc021000-7f2fc0000000 ---p 00000000 00:00 0 
7f2fc0000000-7f2fc164d000 rw-p 00000000 00:00 0 
7f2fc164d000-7f2fc4000000 ---p 00000000 00:00 0 
7f2fc5828000-7f2fc582b000 ---p 00000000 00:00 0 
7f2fc582b000-7f2fc5929000 rw-p 00000000 00:00 0                          [stack:6260]
7f2fc5929000-7f2fc592c000 ---p 00000000 00:00 0 
7f2fc592c000-7f2fc5a2a000 rw-p 00000000 00:00 0                          [stack:6259]
7f2fc5a2a000-7f2fc5a2d000 ---p 00000000 00:00 0 
7f2fc5a2d000-7f2fc5b2b000 rw-p 00000000 00:00 0                          [stack:6258]
7f2fc5b2b000-7f2fc5b2e000 ---p 00000000 00:00 0 
7f2fc5b2e000-7f2fc5c2c000 rw-p 00000000 00:00 0                          [stack:6255]
7f2fc5c2c000-7f2fc5c2f000 ---p 00000000 00:00 0 
7f2fc5c2f000-7f2fc602e000 rw-p 00000000 00:00 0                          [stack:6254]
7f2fc602e000-7f2fc609a000 r-xp 00000000 08:01 6029331                    /lib/x86_64-linux-gnu/libpcre.so.3.13.1
7f2fc609a000-7f2fc6299000 ---p 0006c000 08:01 6029331                    /lib/x86_64-linux-gnu/libpcre.so.3.13.1
7f2fc6299000-7f2fc629a000 r--p 0006b000 08:01 6029331                    /lib/x86_64-linux-gnu/libpcre.so.3.13.1
7f2fc629a000-7f2fc629b000 rw-p 0006c000 08:01 6029331                    /lib/x86_64-linux-gnu/libpcre.so.3.13.1
7f2fc629b000-7f2fc62a2000 r-xp 00000000 08:01 3416583                    /usr/lib/x86_64-linux-gnu/libffi.so.6.0.4
7f2fc62a2000-7f2fc64a1000 ---p 00007000 08:01 3416583                    /usr/lib/x86_64-linux-gnu/libffi.so.6.0.4
7f2fc64a1000-7f2fc64a2000 r--p 00006000 08:01 3416583                    /usr/lib/x86_64-linux-gnu/libffi.so.6.0.4
7f2fc64a2000-7f2fc64a3000 rw-p 00007000 08:01 3416583                    /usr/lib/x86_64-linux-gnu/libffi.so.6.0.4
7f2fc64a3000-7f2fc64ba000 r-xp 00000000 08:01 6033728                    /lib/x86_64-linux-gnu/libresolv-2.21.so
7f2fc64ba000-7f2fc66ba000 ---p 00017000 08:01 6033728                    /lib/x86_64-linux-gnu/libresolv-2.21.so
7f2fc66ba000-7f2fc66bc000 r--p 00017000 08:01 6033728                    /lib/x86_64-linux-gnu/libresolv-2.21.so
7f2fc66bc000-7f2fc66bd000 rw-p 00019000 08:01 6033728                    /lib/x86_64-linux-gnu/libresolv-2.21.so
7f2fc66bd000-7f2fc66bf000 rw-p 00000000 00:00 0 
7f2fc66bf000-7f2fc66e0000 r-xp 00000000 08:01 6033732                    /lib/x86_64-linux-gnu/libselinux.so.1
7f2fc66e0000-7f2fc68df000 ---p 00021000 08:01 6033732                    /lib/x86_64-linux-gnu/libselinux.so.1
7f2fc68df000-7f2fc68e0000 r--p 00020000 08:01 6033732                    /lib/x86_64-linux-gnu/libselinux.so.1
7f2fc68e0000-7f2fc68e1000 rw-p 00021000 08:01 6033732                    /lib/x86_64-linux-gnu/libselinux.so.1
7f2fc68e1000-7f2fc68e3000 rw-p 00000000 00:00 0 
7f2fc68e3000-7f2fc68e6000 r-xp 00000000 08:01 3408295                    /usr/lib/x86_64-linux-gnu/libgmodule-2.0.so.0.4400.1
7f2fc68e6000-7f2fc6ae5000 ---p 00003000 08:01 3408295                    /usr/lib/x86_64-linux-gnu/libgmodule-2.0.so.0.4400.1
7f2fc6ae5000-7f2fc6ae6000 r--p 00002000 08:01 3408295                    /usr/lib/x86_64-linux-gnu/libgmodule-2.0.so.0.4400.1
7f2fc6ae6000-7f2fc6ae7000 rw-p 00003000 08:01 3408295                    /usr/lib/x86_64-linux-gnu/libgmodule-2.0.so.0.4400.1
7f2fc6ae7000-7f2fc6bf4000 r-xp 00000000 08:01 6033501                    /lib/x86_64-linux-gnu/libglib-2.0.so.0.4400.1
7f2fc6bf4000-7f2fc6df3000 ---p 0010d000 08:01 6033501                    /lib/x86_64-linux-gnu/libglib-2.0.so.0.4400.1
7f2fc6df3000-7f2fc6df4000 r--p 0010c000 08:01 6033501                    /lib/x86_64-linux-gnu/libglib-2.0.so.0.4400.1
7f2fc6df4000-7f2fc6df5000 rw-p 0010d000 08:01 6033501                    /lib/x86_64-linux-gnu/libglib-2.0.so.0.4400.1
7f2fc6df5000-7f2fc6df6000 rw-p 00000000 00:00 0 
7f2fc6df6000-7f2fc6e46000 r-xp 00000000 08:01 3408255                    /usr/lib/x86_64-linux-gnu/libgobject-2.0.so.0.4400.1
7f2fc6e46000-7f2fc7046000 ---p 00050000 08:01 3408255                    /usr/lib/x86_64-linux-gnu/libgobject-2.0.so.0.4400.1
7f2fc7046000-7f2fc7047000 r--p 00050000 08:01 3408255                    /usr/lib/x86_64-linux-gnu/libgobject-2.0.so.0.4400.1
7f2fc7047000-7f2fc7048000 rw-p 00051000 08:01 3408255                    /usr/lib/x86_64-linux-gnu/libgobject-2.0.so.0.4400.1
7f2fc7048000-7f2fc71c0000 r-xp 00000000 08:01 3408277                    /usr/lib/x86_64-linux-gnu/libgio-2.0.so.0.4400.1
7f2fc71c0000-7f2fc73c0000 ---p 00178000 08:01 3408277                    /usr/lib/x86_64-linux-gnu/libgio-2.0.so.0.4400.1
7f2fc73c0000-7f2fc73c4000 r--p 00178000 08:01 3408277                    /usr/lib/x86_64-linux-gnu/libgio-2.0.so.0.4400.1
7f2fc73c4000-7f2fc73c6000 rw-p 0017c000 08:01 3408277                    /usr/lib/x86_64-linux-gnu/libgio-2.0.so.0.4400.1
7f2fc73c6000-7f2fc73c8000 rw-p 00000000 00:00 0 
7f2fc73c8000-7f2fc73df000 r-xp 00000000 08:01 4331089                    /usr/lib/jvm/java-7-openjdk-amd64/jre/lib/amd64/libnet.so
7f2fc73df000-7f2fc75de000 ---p 00017000 08:01 4331089                    /usr/lib/jvm/java-7-openjdk-amd64/jre/lib/amd64/libnet.so
7f2fc75de000-7f2fc75df000 r--p 00016000 08:01 4331089                    /usr/lib/jvm/java-7-openjdk-amd64/jre/lib/amd64/libnet.so
7f2fc75df000-7f2fc75e0000 rw-p 00017000 08:01 4331089                    /usr/lib/jvm/java-7-openjdk-amd64/jre/lib/amd64/libnet.so
7f2fc75e0000-7f2fc75f1000 r-xp 00000000 08:01 4331094                    /usr/lib/jvm/java-7-openjdk-amd64/jre/lib/amd64/libnio.so
7f2fc75f1000-7f2fc77f0000 ---p 00011000 08:01 4331094                    /usr/lib/jvm/java-7-openjdk-amd64/jre/lib/amd64/libnio.so
7f2fc77f0000-7f2fc77f1000 r--p 00010000 08:01 4331094                    /usr/lib/jvm/java-7-openjdk-amd64/jre/lib/amd64/libnio.so
7f2fc77f1000-7f2fc77f2000 rw-p 00011000 08:01 4331094                    /usr/lib/jvm/java-7-openjdk-amd64/jre/lib/amd64/libnio.so
7f2fc77f2000-7f2fc77f3000 ---p 00000000 00:00 0 
7f2fc77f3000-7f2fc78f3000 rw-p 00000000 00:00 0                          [stack:6242]
7f2fc78f3000-7f2fc78f6000 ---p 00000000 00:00 0 
7f2fc78f6000-7f2fc79f4000 rw-p 00000000 00:00 0                          [stack:6241]
7f2fc79f4000-7f2fc79f7000 ---p 00000000 00:00 0 
7f2fc79f7000-7f2fc7af5000 rw-p 00000000 00:00 0                          [stack:6234]
7f2fc7af5000-7f2fc7af8000 ---p 00000000 00:00 0 
7f2fc7af8000-7f2fc7bf6000 rw-p 00000000 00:00 0                          [stack:6230]
7f2fc7bf6000-7f2fc7bfb000 r-xp 00000000 08:01 3416275                    /usr/lib/x86_64-linux-gnu/libXdmcp.so.6.0.0
7f2fc7bfb000-7f2fc7dfa000 ---p 00005000 08:01 3416275                    /usr/lib/x86_64-linux-gnu/libXdmcp.so.6.0.0
7f2fc7dfa000-7f2fc7dfb000 r--p 00004000 08:01 3416275                    /usr/lib/x86_64-linux-gnu/libXdmcp.so.6.0.0
7f2fc7dfb000-7f2fc7dfc000 rw-p 00005000 08:01 3416275                    /usr/lib/x86_64-linux-gnu/libXdmcp.so.6.0.0
7f2fc7dfc000-7f2fc7dfe000 r-xp 00000000 08:01 3416264                    /usr/lib/x86_64-linux-gnu/libXau.so.6.0.0
7f2fc7dfe000-7f2fc7ffe000 ---p 00002000 08:01 3416264                    /usr/lib/x86_64-linux-gnu/libXau.so.6.0.0
7f2fc7ffe000-7f2fc7fff000 r--p 00002000 08:01 3416264                    /usr/lib/x86_64-linux-gnu/libXau.so.6.0.0
7f2fc7fff000-7f2fc8000000 rw-p 00003000 08:01 3416264                    /usr/lib/x86_64-linux-gnu/libXau.so.6.0.0
7f2fc8000000-7f2fc8021000 rw-p 00000000 00:00 0 
7f2fc8021000-7f2fcc000000 ---p 00000000 00:00 0 
7f2fcc000000-7f2fcc021000 rw-p 00000000 00:00 0 
7f2fcc021000-7f2fd0000000 ---p 00000000 00:00 0 
7f2fd0000000-7f2fd023f000 rw-p 00000000 00:00 0 
7f2fd023f000-7f2fd4000000 ---p 00000000 00:00 0 
7f2fd4000000-7f2fd4021000 rw-p 00000000 00:00 0 
7f2fd4021000-7f2fd8000000 ---p 00000000 00:00 0 
7f2fd8000000-7f2fd8021000 rw-p 00000000 00:00 0 
7f2fd8021000-7f2fdc000000 ---p 00000000 00:00 0 
7f2fdc000000-7f2fdc021000 rw-p 00000000 00:00 0 
7f2fdc021000-7f2fe0000000 ---p 00000000 00:00 0 
7f2fe0000000-7f2fe0021000 rw-p 00000000 00:00 0 
7f2fe0021000-7f2fe4000000 ---p 00000000 00:00 0 
7f2fe4062000-7f2fe407f000 r-xp 00000000 08:01 3417462                    /usr/lib/x86_64-linux-gnu/libxcb.so.1.1.0
7f2fe407f000-7f2fe427f000 ---p 0001d000 08:01 3417462                    /usr/lib/x86_64-linux-gnu/libxcb.so.1.1.0
7f2fe427f000-7f2fe4280000 r--p 0001d000 08:01 3417462                    /usr/lib/x86_64-linux-gnu/libxcb.so.1.1.0
7f2fe4280000-7f2fe4281000 rw-p 0001e000 08:01 3417462                    /usr/lib/x86_64-linux-gnu/libxcb.so.1.1.0
7f2fe4281000-7f2fe43b4000 r-xp 00000000 08:01 3416260                    /usr/lib/x86_64-linux-gnu/libX11.so.6.3.0
7f2fe43b4000-7f2fe45b4000 ---p 00133000 08:01 3416260                    /usr/lib/x86_64-linux-gnu/libX11.so.6.3.0
7f2fe45b4000-7f2fe45b5000 r--p 00133000 08:01 3416260                    /usr/lib/x86_64-linux-gnu/libX11.so.6.3.0
7f2fe45b5000-7f2fe45b9000 rw-p 00134000 08:01 3416260                    /usr/lib/x86_64-linux-gnu/libX11.so.6.3.0
7f2fe45b9000-7f2fe45ba000 rw-p 00000000 00:00 0 
7f2fe45ca000-7f2fe45df000 r--s 000e5000 08:01 7609524                    /home/hridoy/AndroidStudioProjects/DisarmConnect2/app/build/intermediates/exploded-aar/com.android.support/support-v4/23.1.1/jars/classes.jar
7f2fe45df000-7f2fe45e1000 r-xp 00000000 08:01 3413406                    /usr/lib/jayatana/libjayatanaag.so
7f2fe45e1000-7f2fe47e0000 ---p 00002000 08:01 3413406                    /usr/lib/jayatana/libjayatanaag.so
7f2fe47e0000-7f2fe47e1000 r--p 00001000 08:01 3413406                    /usr/lib/jayatana/libjayatanaag.so
7f2fe47e1000-7f2fe47e2000 rw-p 00002000 08:01 3413406                    /usr/lib/jayatana/libjayatanaag.so
7f2fe47e2000-7f2fe47e5000 ---p 00000000 00:00 0 
7f2fe47e5000-7f2fe48e3000 rw-p 00000000 00:00 0                          [stack:6225]
7f2fe48e3000-7f2fe4fc5000 r--p 00000000 08:01 3415298                    /usr/lib/locale/locale-archive
7f2fe4fc5000-7f2fe4fc8000 ---p 00000000 00:00 0 
7f2fe4fc8000-7f2fe50c6000 rw-p 00000000 00:00 0                          [stack:6218]
7f2fe50c6000-7f2fe50c9000 ---p 00000000 00:00 0 
7f2fe50c9000-7f2fe51c7000 rw-p 00000000 00:00 0                          [stack:6216]
7f2fe51c7000-7f2fe51c8000 ---p 00000000 00:00 0 
7f2fe51c8000-7f2fe8000000 rw-p 00000000 00:00 0                          [stack:6213]
7f2fe8000000-7f2fe8021000 rw-p 00000000 00:00 0 
7f2fe8021000-7f2fec000000 ---p 00000000 00:00 0 
7f2fec011000-7f2fec020000 r--s 000df000 08:01 3555195                    /home/hridoy/Android/Sdk/build-tools/23.0.2/lib/dx.jar
7f2fec020000-7f2fec727000 rw-p 00000000 00:00 0 
7f2fec727000-7f2fec8d8000 r--s 01d29000 08:01 3943016                    /usr/lib/jvm/java-7-openjdk-amd64/jre/lib/rt.jar
7f2fec8d8000-7f2fecbfc000 rw-p 00000000 00:00 0 
7f2fecbfc000-7f2fecbfd000 ---p 00000000 00:00 0 
7f2fecbfd000-7f2feccfd000 rw-p 00000000 00:00 0                          [stack:6209]
7f2feccfd000-7f2feccfe000 ---p 00000000 00:00 0 
7f2feccfe000-7f2fecdfe000 rw-p 00000000 00:00 0                          [stack:6208]
7f2fecdfe000-7f2fecdff000 ---p 00000000 00:00 0 
7f2fecdff000-7f2feceff000 rw-p 00000000 00:00 0                          [stack:6205]
7f2feceff000-7f2fecf00000 ---p 00000000 00:00 0 
7f2fecf00000-7f2fed000000 rw-p 00000000 00:00 0                          [stack:6202]
7f2fed000000-7f2fed270000 rwxp 00000000 00:00 0 
7f2fed270000-7f2ff0296000 rw-p 00000000 00:00 0 
7f2ff0296000-7f2ff4000000 ---p 00000000 00:00 0 
7f2ff4004000-7f2ff4059000 rw-p 00000000 00:00 0 
7f2ff4059000-7f2ff40a1000 rw-p 00000000 00:00 0 
7f2ff40a1000-7f2ff40b5000 rw-p 00000000 00:00 0 
7f2ff40b5000-7f2ff41f7000 rw-p 00000000 00:00 0 
7f2ff41f7000-7f2ff4202000 rw-p 00000000 00:00 0 
7f2ff4202000-7f2ff424a000 rw-p 00000000 00:00 0 
7f2ff424a000-7f2ff425e000 rw-p 00000000 00:00 0 
7f2ff425e000-7f2ff439f000 rw-p 00000000 00:00 0 
7f2ff439f000-7f2ff43ed000 rw-p 00000000 00:00 0 
7f2ff43ed000-7f2ff444a000 rw-p 00000000 00:00 0 
7f2ff444a000-7f2ff444b000 rw-p 00000000 00:00 0 
7f2ff444b000-7f2ff4453000 r-xp 00000000 08:01 4331060                    /usr/lib/jvm/java-7-openjdk-amd64/jre/lib/amd64/libzip.so
7f2ff4453000-7f2ff4652000 ---p 00008000 08:01 4331060                    /usr/lib/jvm/java-7-openjdk-amd64/jre/lib/amd64/libzip.so
7f2ff4652000-7f2ff4653000 r--p 00007000 08:01 4331060                    /usr/lib/jvm/java-7-openjdk-amd64/jre/lib/amd64/libzip.so
7f2ff4653000-7f2ff4654000 rw-p 00008000 08:01 4331060                    /usr/lib/jvm/java-7-openjdk-amd64/jre/lib/amd64/libzip.so
7f2ff4654000-7f2ff4660000 r-xp 00000000 08:01 6033675                    /lib/x86_64-linux-gnu/libnss_files-2.21.so
7f2ff4660000-7f2ff485f000 ---p 0000c000 08:01 6033675                    /lib/x86_64-linux-gnu/libnss_files-2.21.so
7f2ff485f000-7f2ff4860000 r--p 0000b000 08:01 6033675                    /lib/x86_64-linux-gnu/libnss_files-2.21.so
7f2ff4860000-7f2ff4861000 rw-p 0000c000 08:01 6033675                    /lib/x86_64-linux-gnu/libnss_files-2.21.so
7f2ff4861000-7f2ff486c000 r-xp 00000000 08:01 6033685                    /lib/x86_64-linux-gnu/libnss_nis-2.21.so
7f2ff486c000-7f2ff4a6b000 ---p 0000b000 08:01 6033685                    /lib/x86_64-linux-gnu/libnss_nis-2.21.so
7f2ff4a6b000-7f2ff4a6c000 r--p 0000a000 08:01 6033685                    /lib/x86_64-linux-gnu/libnss_nis-2.21.so
7f2ff4a6c000-7f2ff4a6d000 rw-p 0000b000 08:01 6033685                    /lib/x86_64-linux-gnu/libnss_nis-2.21.so
7f2ff4a6d000-7f2ff4a84000 r-xp 00000000 08:01 6033669                    /lib/x86_64-linux-gnu/libnsl-2.21.so
7f2ff4a84000-7f2ff4c83000 ---p 00017000 08:01 6033669                    /lib/x86_64-linux-gnu/libnsl-2.21.so
7f2ff4c83000-7f2ff4c84000 r--p 00016000 08:01 6033669                    /lib/x86_64-linux-gnu/libnsl-2.21.so
7f2ff4c84000-7f2ff4c85000 rw-p 00017000 08:01 6033669                    /lib/x86_64-linux-gnu/libnsl-2.21.so
7f2ff4c85000-7f2ff4c87000 rw-p 00000000 00:00 0 
7f2ff4c87000-7f2ff4c8f000 r-xp 00000000 08:01 6033671                    /lib/x86_64-linux-gnu/libnss_compat-2.21.so
7f2ff4c8f000-7f2ff4e8e000 ---p 00008000 08:01 6033671                    /lib/x86_64-linux-gnu/libnss_compat-2.21.so
7f2ff4e8e000-7f2ff4e8f000 r--p 00007000 08:01 6033671                    /lib/x86_64-linux-gnu/libnss_compat-2.21.so
7f2ff4e8f000-7f2ff4e90000 rw-p 00008000 08:01 6033671                    /lib/x86_64-linux-gnu/libnss_compat-2.21.so
7f2ff4e90000-7f2ff4e9a000 r-xp 00000000 08:01 4331090                    /usr/lib/jvm/java-7-openjdk-amd64/jre/lib/amd64/libinstrument.so
7f2ff4e9a000-7f2ff5099000 ---p 0000a000 08:01 4331090                    /usr/lib/jvm/java-7-openjdk-amd64/jre/lib/amd64/libinstrument.so
7f2ff5099000-7f2ff509a000 r--p 00009000 08:01 4331090                    /usr/lib/jvm/java-7-openjdk-amd64/jre/lib/amd64/libinstrument.so
7f2ff509a000-7f2ff509b000 rw-p 0000a000 08:01 4331090                    /usr/lib/jvm/java-7-openjdk-amd64/jre/lib/amd64/libinstrument.so
7f2ff509b000-7f2ff50c8000 r-xp 00000000 08:01 4331097                    /usr/lib/jvm/java-7-openjdk-amd64/jre/lib/amd64/libjava.so
7f2ff50c8000-7f2ff52c7000 ---p 0002d000 08:01 4331097                    /usr/lib/jvm/java-7-openjdk-amd64/jre/lib/amd64/libjava.so
7f2ff52c7000-7f2ff52c8000 r--p 0002c000 08:01 4331097                    /usr/lib/jvm/java-7-openjdk-amd64/jre/lib/amd64/libjava.so
7f2ff52c8000-7f2ff52ca000 rw-p 0002d000 08:01 4331097                    /usr/lib/jvm/java-7-openjdk-amd64/jre/lib/amd64/libjava.so
7f2ff52ca000-7f2ff52d9000 r-xp 00000000 08:01 4331078                    /usr/lib/jvm/java-7-openjdk-amd64/jre/lib/amd64/libverify.so
7f2ff52d9000-7f2ff54d8000 ---p 0000f000 08:01 4331078                    /usr/lib/jvm/java-7-openjdk-amd64/jre/lib/amd64/libverify.so
7f2ff54d8000-7f2ff54db000 r--p 0000e000 08:01 4331078                    /usr/lib/jvm/java-7-openjdk-amd64/jre/lib/amd64/libverify.so
7f2ff54db000-7f2ff54dc000 rw-p 00011000 08:01 4331078                    /usr/lib/jvm/java-7-openjdk-amd64/jre/lib/amd64/libverify.so
7f2ff54dc000-7f2ff54e3000 r-xp 00000000 08:01 6033730                    /lib/x86_64-linux-gnu/librt-2.21.so
7f2ff54e3000-7f2ff56e2000 ---p 00007000 08:01 6033730                    /lib/x86_64-linux-gnu/librt-2.21.so
7f2ff56e2000-7f2ff56e3000 r--p 00006000 08:01 6033730                    /lib/x86_64-linux-gnu/librt-2.21.so
7f2ff56e3000-7f2ff56e4000 rw-p 00007000 08:01 6033730                    /lib/x86_64-linux-gnu/librt-2.21.so
7f2ff56e4000-7f2ff56fa000 r-xp 00000000 08:01 6033618                    /lib/x86_64-linux-gnu/libgcc_s.so.1
7f2ff56fa000-7f2ff58f9000 ---p 00016000 08:01 6033618                    /lib/x86_64-linux-gnu/libgcc_s.so.1
7f2ff58f9000-7f2ff58fa000 rw-p 00015000 08:01 6033618                    /lib/x86_64-linux-gnu/libgcc_s.so.1
7f2ff58fa000-7f2ff5a01000 r-xp 00000000 08:01 6033648                    /lib/x86_64-linux-gnu/libm-2.21.so
7f2ff5a01000-7f2ff5c00000 ---p 00107000 08:01 6033648                    /lib/x86_64-linux-gnu/libm-2.21.so
7f2ff5c00000-7f2ff5c01000 r--p 00106000 08:01 6033648                    /lib/x86_64-linux-gnu/libm-2.21.so
7f2ff5c01000-7f2ff5c02000 rw-p 00107000 08:01 6033648                    /lib/x86_64-linux-gnu/libm-2.21.so
7f2ff5c02000-7f2ff5cf2000 r-xp 00000000 08:01 3417256                    /usr/lib/x86_64-linux-gnu/libstdc++.so.6.0.20
7f2ff5cf2000-7f2ff5ef2000 ---p 000f0000 08:01 3417256                    /usr/lib/x86_64-linux-gnu/libstdc++.so.6.0.20
7f2ff5ef2000-7f2ff5efa000 r--p 000f0000 08:01 3417256                    /usr/lib/x86_64-linux-gnu/libstdc++.so.6.0.20
7f2ff5efa000-7f2ff5efc000 rw-p 000f8000 08:01 3417256                    /usr/lib/x86_64-linux-gnu/libstdc++.so.6.0.20
7f2ff5efc000-7f2ff5f11000 rw-p 00000000 00:00 0 
7f2ff5f11000-7f2ff6a69000 r-xp 00000000 08:01 4331066                    /usr/lib/jvm/java-7-openjdk-amd64/jre/lib/amd64/server/libjvm.so
7f2ff6a69000-7f2ff6c68000 ---p 00b58000 08:01 4331066                    /usr/lib/jvm/java-7-openjdk-amd64/jre/lib/amd64/server/libjvm.so
7f2ff6c68000-7f2ff6d07000 r--p 00b57000 08:01 4331066                    /usr/lib/jvm/java-7-openjdk-amd64/jre/lib/amd64/server/libjvm.so
7f2ff6d07000-7f2ff6d2a000 rw-p 00bf6000 08:01 4331066                    /usr/lib/jvm/java-7-openjdk-amd64/jre/lib/amd64/server/libjvm.so
7f2ff6d2a000-7f2ff6d57000 rw-p 00000000 00:00 0 
7f2ff6d57000-7f2ff6d70000 r-xp 00000000 08:01 6033763                    /lib/x86_64-linux-gnu/libz.so.1.2.8
7f2ff6d70000-7f2ff6f70000 ---p 00019000 08:01 6033763                    /lib/x86_64-linux-gnu/libz.so.1.2.8
7f2ff6f70000-7f2ff6f71000 r--p 00019000 08:01 6033763                    /lib/x86_64-linux-gnu/libz.so.1.2.8
7f2ff6f71000-7f2ff6f72000 rw-p 0001a000 08:01 6033763                    /lib/x86_64-linux-gnu/libz.so.1.2.8
7f2ff6f72000-7f2ff6f8a000 r-xp 00000000 08:01 6033722                    /lib/x86_64-linux-gnu/libpthread-2.21.so
7f2ff6f8a000-7f2ff718a000 ---p 00018000 08:01 6033722                    /lib/x86_64-linux-gnu/libpthread-2.21.so
7f2ff718a000-7f2ff718b000 r--p 00018000 08:01 6033722                    /lib/x86_64-linux-gnu/libpthread-2.21.so
7f2ff718b000-7f2ff718c000 rw-p 00019000 08:01 6033722                    /lib/x86_64-linux-gnu/libpthread-2.21.so
7f2ff718c000-7f2ff7190000 rw-p 00000000 00:00 0 
7f2ff7190000-7f2ff7193000 r-xp 00000000 08:01 6033606                    /lib/x86_64-linux-gnu/libdl-2.21.so
7f2ff7193000-7f2ff7392000 ---p 00003000 08:01 6033606                    /lib/x86_64-linux-gnu/libdl-2.21.so
7f2ff7392000-7f2ff7393000 r--p 00002000 08:01 6033606                    /lib/x86_64-linux-gnu/libdl-2.21.so
7f2ff7393000-7f2ff7394000 rw-p 00003000 08:01 6033606                    /lib/x86_64-linux-gnu/libdl-2.21.so
7f2ff7394000-7f2ff7554000 r-xp 00000000 08:01 6033589                    /lib/x86_64-linux-gnu/libc-2.21.so
7f2ff7554000-7f2ff7754000 ---p 001c0000 08:01 6033589                    /lib/x86_64-linux-gnu/libc-2.21.so
7f2ff7754000-7f2ff7758000 r--p 001c0000 08:01 6033589                    /lib/x86_64-linux-gnu/libc-2.21.so
7f2ff7758000-7f2ff775a000 rw-p 001c4000 08:01 6033589                    /lib/x86_64-linux-gnu/libc-2.21.so
7f2ff775a000-7f2ff775e000 rw-p 00000000 00:00 0 
7f2ff775e000-7f2ff776b000 r-xp 00000000 08:01 4331063                    /usr/lib/jvm/java-7-openjdk-amd64/jre/lib/amd64/jli/libjli.so
7f2ff776b000-7f2ff796a000 ---p 0000d000 08:01 4331063                    /usr/lib/jvm/java-7-openjdk-amd64/jre/lib/amd64/jli/libjli.so
7f2ff796a000-7f2ff796b000 r--p 0000c000 08:01 4331063                    /usr/lib/jvm/java-7-openjdk-amd64/jre/lib/amd64/jli/libjli.so
7f2ff796b000-7f2ff796c000 rw-p 0000d000 08:01 4331063                    /usr/lib/jvm/java-7-openjdk-amd64/jre/lib/amd64/jli/libjli.so
7f2ff796c000-7f2ff7990000 r-xp 00000000 08:01 6033561                    /lib/x86_64-linux-gnu/ld-2.21.so
7f2ff7990000-7f2ff7991000 r--s 00000000 08:01 3806284                    /usr/share/java/jayatanaag.jar
7f2ff7991000-7f2ff7995000 r--s 00034000 08:01 4198789                    /usr/lib/jvm/java-7-openjdk-amd64/jre/lib/ext/sunjce_provider.jar
7f2ff7995000-7f2ff7998000 r--s 0000f000 08:01 4198791                    /usr/lib/jvm/java-7-openjdk-amd64/jre/lib/ext/icedtea-sound.jar
7f2ff7998000-7f2ff799c000 r--s 0003c000 08:01 4198790                    /usr/lib/jvm/java-7-openjdk-amd64/jre/lib/ext/sunpkcs11.jar
7f2ff799c000-7f2ff799e000 r--s 00006000 08:01 3807562                    /usr/share/java/java-atk-wrapper.jar
7f2ff799e000-7f2ff79a2000 r--s 00085000 08:01 4198787                    /usr/lib/jvm/java-7-openjdk-amd64/jre/lib/ext/localedata.jar
7f2ff79a2000-7f2ff79ac000 rw-p 00000000 00:00 0 
7f2ff79ac000-7f2ff7a62000 rw-p 00000000 00:00 0 
7f2ff7a62000-7f2ff7a65000 ---p 00000000 00:00 0 
7f2ff7a65000-7f2ff7b68000 rw-p 00000000 00:00 0                          [stack:6194]
7f2ff7b68000-7f2ff7b69000 r--s 00002000 08:01 4198788                    /usr/lib/jvm/java-7-openjdk-amd64/jre/lib/ext/dnsns.jar
7f2ff7b69000-7f2ff7b6b000 r--s 00012000 08:01 4198792                    /usr/lib/jvm/java-7-openjdk-amd64/jre/lib/ext/zipfs.jar
7f2ff7b6b000-7f2ff7b83000 rw-p 00000000 00:00 0 
7f2ff7b83000-7f2ff7b8b000 rw-s 00000000 08:01 8000501                    /tmp/hsperfdata_hridoy/6178
7f2ff7b8b000-7f2ff7b8c000 rw-p 00000000 00:00 0 
7f2ff7b8c000-7f2ff7b8d000 ---p 00000000 00:00 0 
7f2ff7b8d000-7f2ff7b8f000 rw-p 00000000 00:00 0 
7f2ff7b8f000-7f2ff7b90000 r--p 00023000 08:01 6033561                    /lib/x86_64-linux-gnu/ld-2.21.so
7f2ff7b90000-7f2ff7b91000 rw-p 00024000 08:01 6033561                    /lib/x86_64-linux-gnu/ld-2.21.so
7f2ff7b91000-7f2ff7b92000 rw-p 00000000 00:00 0 
7ffcde220000-7ffcde241000 rw-p 00000000 00:00 0                          [stack]
7ffcde29c000-7ffcde29e000 r--p 00000000 00:00 0                          [vvar]
7ffcde29e000-7ffcde2a0000 r-xp 00000000 00:00 0                          [vdso]
ffffffffff600000-ffffffffff601000 r-xp 00000000 00:00 0                  [vsyscall]

VM Arguments:
jvm_args: -javaagent:/usr/share/java/jayatanaag.jar -Djava.awt.headless=true -Xmx1024M -Dfile.encoding=UTF-8 -Duser.country=IN -Duser.language=en -Duser.variant 
java_command: com.android.dx.command.Main --dex --num-threads=4 --output /home/hridoy/AndroidStudioProjects/DisarmConnect2/app/build/intermediates/pre-dexed/debug/com.android.support-support-v4-23.1.1_d6980bef6ca611b30436336996b6ce8c50035e17.jar /home/hridoy/AndroidStudioProjects/DisarmConnect2/app/build/intermediates/exploded-aar/com.android.support/support-v4/23.1.1/jars/classes.jar
Launcher Type: SUN_STANDARD

Environment Variables:
JAVA_TOOL_OPTIONS=-javaagent:/usr/share/java/jayatanaag.jar 
PATH=/usr/local/sbin:/usr/local/bin:/usr/sbin:/usr/bin:/sbin:/bin:/usr/games:/usr/local/games
LD_LIBRARY_PATH=/opt/android-studio/bin:
SHELL=/bin/bash
DISPLAY=:0

Signal Handlers:
SIGSEGV: [libjvm.so+0x98ac50], sa_mask[0]=0x7ffbfeff, sa_flags=0x10000004
SIGBUS: [libjvm.so+0x98ac50], sa_mask[0]=0x7ffbfeff, sa_flags=0x10000004
SIGFPE: [libjvm.so+0x7f8ab0], sa_mask[0]=0x7ffbfeff, sa_flags=0x10000004
SIGPIPE: [libjvm.so+0x7f8ab0], sa_mask[0]=0x7ffbfeff, sa_flags=0x10000004
SIGXFSZ: [libjvm.so+0x7f8ab0], sa_mask[0]=0x7ffbfeff, sa_flags=0x10000004
SIGILL: [libjvm.so+0x7f8ab0], sa_mask[0]=0x7ffbfeff, sa_flags=0x10000004
SIGUSR1: SIG_DFL, sa_mask[0]=0x00000000, sa_flags=0x00000000
SIGUSR2: [libjvm.so+0x7f8930], sa_mask[0]=0x00000004, sa_flags=0x10000004
SIGHUP: [libjvm.so+0x7f8b30], sa_mask[0]=0x7ffbfeff, sa_flags=0x10000004
SIGINT: [libjvm.so+0x7f8b30], sa_mask[0]=0x7ffbfeff, sa_flags=0x10000004
SIGTERM: [libjvm.so+0x7f8b30], sa_mask[0]=0x7ffbfeff, sa_flags=0x10000004
SIGQUIT: [libjvm.so+0x7f8b30], sa_mask[0]=0x7ffbfeff, sa_flags=0x10000004
SIGTRAP: SIG_DFL, sa_mask[0]=0x00000000, sa_flags=0x00000000


---------------  S Y S T E M  ---------------

OS:Ubuntu 15.04 (vivid)
uname:Linux 3.19.0-15-generic #15-Ubuntu SMP Thu Apr 16 23:32:37 UTC 2015 x86_64
libc:glibc 2.21 NPTL 2.21 
rlimit: STACK 8192k, CORE 0k, NPROC 15134, NOFILE 65536, AS infinity
load average:7.85 2.26 1.08

/proc/meminfo:
MemTotal:        3896820 kB
MemFree:          120004 kB
MemAvailable:      94028 kB
Buffers:            1716 kB
Cached:           633648 kB
SwapCached:            0 kB
Active:          3005800 kB
Inactive:         591004 kB
Active(anon):    2981012 kB
Inactive(anon):   550668 kB
Active(file):      24788 kB
Inactive(file):    40336 kB
Unevictable:          32 kB
Mlocked:              32 kB
SwapTotal:             0 kB
SwapFree:              0 kB
Dirty:              3140 kB
Writeback:             0 kB
AnonPages:       2961980 kB
Mapped:           141212 kB
Shmem:            569760 kB
Slab:              88520 kB
SReclaimable:      51848 kB
SUnreclaim:        36672 kB
KernelStack:       12448 kB
PageTables:        41844 kB
NFS_Unstable:          0 kB
Bounce:                0 kB
WritebackTmp:          0 kB
CommitLimit:     1948408 kB
Committed_AS:    8050284 kB
VmallocTotal:   34359738367 kB
VmallocUsed:      544136 kB
VmallocChunk:   34359186908 kB
HardwareCorrupted:     0 kB
AnonHugePages:   1730560 kB
CmaTotal:              0 kB
CmaFree:               0 kB
HugePages_Total:       0
HugePages_Free:        0
HugePages_Rsvd:        0
HugePages_Surp:        0
Hugepagesize:       2048 kB
DirectMap4k:      174336 kB
DirectMap2M:     3868672 kB


CPU:total 4 (2 cores per cpu, 2 threads per core) family 6 model 42 stepping 7, cmov, cx8, fxsr, mmx, sse, sse2, sse3, ssse3, sse4.1, sse4.2, popcnt, avx, ht, tsc, tscinvbit

/proc/cpuinfo:
processor	: 0
vendor_id	: GenuineIntel
cpu family	: 6
model		: 42
model name	: Intel(R) Core(TM) i3-2310M CPU @ 2.10GHz
stepping	: 7
microcode	: 0x17
cpu MHz		: 2100.000
cache size	: 3072 KB
physical id	: 0
siblings	: 4
core id		: 0
cpu cores	: 2
apicid		: 0
initial apicid	: 0
fpu		: yes
fpu_exception	: yes
cpuid level	: 13
wp		: yes
flags		: fpu vme de pse tsc msr pae mce cx8 apic sep mtrr pge mca cmov pat pse36 clflush dts acpi mmx fxsr sse sse2 ss ht tm pbe syscall nx rdtscp lm constant_tsc arch_perfmon pebs bts rep_good nopl xtopology nonstop_tsc aperfmperf eagerfpu pni pclmulqdq dtes64 monitor ds_cpl vmx est tm2 ssse3 cx16 xtpr pdcm pcid sse4_1 sse4_2 x2apic popcnt tsc_deadline_timer xsave avx lahf_lm arat epb pln pts dtherm tpr_shadow vnmi flexpriority ept vpid xsaveopt
bugs		:
bogomips	: 4190.55
clflush size	: 64
cache_alignment	: 64
address sizes	: 36 bits physical, 48 bits virtual
power management:

processor	: 1
vendor_id	: GenuineIntel
cpu family	: 6
model		: 42
model name	: Intel(R) Core(TM) i3-2310M CPU @ 2.10GHz
stepping	: 7
microcode	: 0x17
cpu MHz		: 2100.000
cache size	: 3072 KB
physical id	: 0
siblings	: 4
core id		: 0
cpu cores	: 2
apicid		: 1
initial apicid	: 1
fpu		: yes
fpu_exception	: yes
cpuid level	: 13
wp		: yes
flags		: fpu vme de pse tsc msr pae mce cx8 apic sep mtrr pge mca cmov pat pse36 clflush dts acpi mmx fxsr sse sse2 ss ht tm pbe syscall nx rdtscp lm constant_tsc arch_perfmon pebs bts rep_good nopl xtopology nonstop_tsc aperfmperf eagerfpu pni pclmulqdq dtes64 monitor ds_cpl vmx est tm2 ssse3 cx16 xtpr pdcm pcid sse4_1 sse4_2 x2apic popcnt tsc_deadline_timer xsave avx lahf_lm arat epb pln pts dtherm tpr_shadow vnmi flexpriority ept vpid xsaveopt
bugs		:
bogomips	: 4190.55
clflush size	: 64
cache_alignment	: 64
address sizes	: 36 bits physical, 48 bits virtual
power management:

processor	: 2
vendor_id	: GenuineIntel
cpu family	: 6
model		: 42
model name	: Intel(R) Core(TM) i3-2310M CPU @ 2.10GHz
stepping	: 7
microcode	: 0x17
cpu MHz		: 2099.917
cache size	: 3072 KB
physical id	: 0
siblings	: 4
core id		: 1
cpu cores	: 2
apicid		: 2
initial apicid	: 2
fpu		: yes
fpu_exception	: yes
cpuid level	: 13
wp		: yes
flags		: fpu vme de pse tsc msr pae mce cx8 apic sep mtrr pge mca cmov pat pse36 clflush dts acpi mmx fxsr sse sse2 ss ht tm pbe syscall nx rdtscp lm constant_tsc arch_perfmon pebs bts rep_good nopl xtopology nonstop_tsc aperfmperf eagerfpu pni pclmulqdq dtes64 monitor ds_cpl vmx est tm2 ssse3 cx16 xtpr pdcm pcid sse4_1 sse4_2 x2apic popcnt tsc_deadline_timer xsave avx lahf_lm arat epb pln pts dtherm tpr_shadow vnmi flexpriority ept vpid xsaveopt
bugs		:
bogomips	: 4190.55
clflush size	: 64
cache_alignment	: 64
address sizes	: 36 bits physical, 48 bits virtual
power management:

processor	: 3
vendor_id	: GenuineIntel
cpu family	: 6
model		: 42
model name	: Intel(R) Core(TM) i3-2310M CPU @ 2.10GHz
stepping	: 7
microcode	: 0x17
cpu MHz		: 2099.917
cache size	: 3072 KB
physical id	: 0
siblings	: 4
core id		: 1
cpu cores	: 2
apicid		: 3
initial apicid	: 3
fpu		: yes
fpu_exception	: yes
cpuid level	: 13
wp		: yes
flags		: fpu vme de pse tsc msr pae mce cx8 apic sep mtrr pge mca cmov pat pse36 clflush dts acpi mmx fxsr sse sse2 ss ht tm pbe syscall nx rdtscp lm constant_tsc arch_perfmon pebs bts rep_good nopl xtopology nonstop_tsc aperfmperf eagerfpu pni pclmulqdq dtes64 monitor ds_cpl vmx est tm2 ssse3 cx16 xtpr pdcm pcid sse4_1 sse4_2 x2apic popcnt tsc_deadline_timer xsave avx lahf_lm arat epb pln pts dtherm tpr_shadow vnmi flexpriority ept vpid xsaveopt
bugs		:
bogomips	: 4190.55
clflush size	: 64
cache_alignment	: 64
address sizes	: 36 bits physical, 48 bits virtual
power management:



Memory: 4k page, physical 3896820k(120004k free), swap 0k(0k free)

vm_info: OpenJDK 64-Bit Server VM (24.79-b02) for linux-amd64 JRE (1.7.0_79-b14), built on Jul 24 2015 05:24:39 by "buildd" with gcc 4.9.2

time: Fri Dec 11 23:38:55 2015
elapsed time: 26 seconds

