#
# There is insufficient memory for the Java Runtime Environment to continue.
# Native memory allocation (malloc) failed to allocate 143654912 bytes for committing reserved memory.
# Possible reasons:
#   The system is out of physical RAM or swap space
#   In 32 bit mode, the process size limit was hit
# Possible solutions:
#   Reduce memory load on the system
#   Increase physical memory or swap space
#   Check if swap backing store is full
#   Use 64 bit Java on a 64 bit OS
#   Decrease Java heap size (-Xmx/-Xms)
#   Decrease number of Java threads
#   Decrease Java thread stack sizes (-Xss)
#   Set larger code cache with -XX:ReservedCodeCacheSize=
# This output file may be truncated or incomplete.
#
#  Out of Memory Error (os_linux.cpp:2809), pid=6517, tid=140320086144768
#
# JRE version: OpenJDK Runtime Environment (7.0_79-b14) (build 1.7.0_79-b14)
# Java VM: OpenJDK 64-Bit Server VM (24.79-b02 mixed mode linux-amd64 compressed oops)
# Derivative: IcedTea 2.5.6
# Distribution: Ubuntu 15.04, package 7u79-2.5.6-0ubuntu1.15.04.1
# Failed to write core dump. Core dumps have been disabled. To enable core dumping, try "ulimit -c unlimited" before starting Java again
#

---------------  T H R E A D  ---------------

Current thread (0x00007f9ecc13e000):  VMThread [stack: 0x00007f9ed0d3b000,0x00007f9ed0e3c000] [id=6528]

Stack: [0x00007f9ed0d3b000,0x00007f9ed0e3c000],  sp=0x00007f9ed0e3a4e0,  free space=1021k
Native frames: (J=compiled Java code, j=interpreted, Vv=VM code, C=native code)
V  [libjvm.so+0x98a166]  VMError::report_and_die()+0x186
V  [libjvm.so+0x48f932]  report_vm_out_of_memory(char const*, int, unsigned long, char const*)+0x92
V  [libjvm.so+0x7fd56b]  os::pd_commit_memory(char*, unsigned long, unsigned long, bool)+0xeb
V  [libjvm.so+0x7f7c4e]  os::commit_memory(char*, unsigned long, unsigned long, bool)+0x2e
V  [libjvm.so+0x86a56b]  PSVirtualSpace::expand_by(unsigned long)+0x5b
V  [libjvm.so+0x86b413]  PSYoungGen::resize_generation(unsigned long, unsigned long)+0xd3
V  [libjvm.so+0x86bb2b]  PSYoungGen::resize(unsigned long, unsigned long)+0x1b
V  [libjvm.so+0x867539]  PSScavenge::invoke_no_policy()+0xdc9
V  [libjvm.so+0x867d18]  PSScavenge::invoke()+0x38
V  [libjvm.so+0x81fb73]  ParallelScavengeHeap::failed_mem_allocate(unsigned long)+0x63
V  [libjvm.so+0x98ba32]  VM_ParallelGCFailedAllocation::doit()+0x92
V  [libjvm.so+0x9902e7]  VM_Operation::evaluate()+0x47
V  [libjvm.so+0x98e8cb]  VMThread::evaluate_operation(VM_Operation*)+0xab
V  [libjvm.so+0x98ef76]  VMThread::loop()+0x1e6
V  [libjvm.so+0x98f441]  VMThread::run()+0x81
V  [libjvm.so+0x7fa492]  java_start(Thread*)+0xf2

VM_Operation (0x00007f9e87ffe120): ParallelGCFailedAllocation, mode: safepoint, requested by thread 0x00007f9ecc259000


---------------  P R O C E S S  ---------------

Java Threads: ( => current thread )
  0x00007f9ecc25b000 JavaThread "pool-1-thread-4" [_thread_blocked, id=6573, stack(0x00007f9e87dfe000,0x00007f9e87eff000)]
  0x00007f9ecc259000 JavaThread "pool-1-thread-3" [_thread_blocked, id=6572, stack(0x00007f9e87eff000,0x00007f9e88000000)]
  0x00007f9ecc258000 JavaThread "pool-1-thread-2" [_thread_blocked, id=6571, stack(0x00007f9ec40a3000,0x00007f9ec41a4000)]
  0x00007f9ecc24a800 JavaThread "pool-2-thread-1" [_thread_blocked, id=6569, stack(0x00007f9ec41a4000,0x00007f9ec42a5000)]
  0x00007f9ecc249000 JavaThread "pool-1-thread-1" [_thread_blocked, id=6568, stack(0x00007f9ec42a5000,0x00007f9ec43a6000)]
  0x00007f9ecc1d3800 JavaThread "Service Thread" daemon [_thread_blocked, id=6546, stack(0x00007f9ec5f6c000,0x00007f9ec606d000)]
  0x00007f9ecc1ca800 JavaThread "C2 CompilerThread1" daemon [_thread_blocked, id=6545, stack(0x00007f9ec606d000,0x00007f9ec616e000)]
  0x00007f9ecc1c9000 JavaThread "C2 CompilerThread0" daemon [_thread_blocked, id=6544, stack(0x00007f9ed0043000,0x00007f9ed0144000)]
  0x00007f9ecc171800 JavaThread "Signal Dispatcher" daemon [_thread_blocked, id=6539, stack(0x00007f9ed0356000,0x00007f9ed0457000)]
  0x00007f9ecc144800 JavaThread "Finalizer" daemon [_thread_blocked, id=6530, stack(0x00007f9ed0b39000,0x00007f9ed0c3a000)]
  0x00007f9ecc142800 JavaThread "Reference Handler" daemon [_thread_blocked, id=6529, stack(0x00007f9ed0c3a000,0x00007f9ed0d3b000)]
  0x00007f9ecc00b000 JavaThread "main" [_thread_blocked, id=6521, stack(0x00007f9ed6081000,0x00007f9ed6182000)]

Other Threads:
=>0x00007f9ecc13e000 VMThread [stack: 0x00007f9ed0d3b000,0x00007f9ed0e3c000] [id=6528]
  0x00007f9ecc1de800 WatcherThread [stack: 0x00007f9ec5e6b000,0x00007f9ec5f6c000] [id=6547]

VM state:at safepoint (normal execution)

VM Mutex/Monitor currently owned by a thread:  ([mutex/lock_event])
[0x00007f9ecc007a90] Threads_lock - owner thread: 0x00007f9ecc13e000
[0x00007f9ecc007f90] Heap_lock - owner thread: 0x00007f9ecc259000

Heap
 PSYoungGen      total 138240K, used 17394K [0x00000000eaa80000, 0x00000000f4480000, 0x0000000100000000)
  eden space 120832K, 0% used [0x00000000eaa80000,0x00000000eaa80000,0x00000000f2080000)
  from space 17408K, 99% used [0x00000000f2080000,0x00000000f317c960,0x00000000f3180000)
  to   space 15360K, 0% used [0x00000000f3180000,0x00000000f3180000,0x00000000f4080000)
 ParOldGen       total 40448K, used 36706K [0x00000000c0000000, 0x00000000c2780000, 0x00000000eaa80000)
  object space 40448K, 90% used [0x00000000c0000000,0x00000000c23d8b90,0x00000000c2780000)
 PSPermGen       total 21504K, used 6424K [0x00000000b5a00000, 0x00000000b6f00000, 0x00000000c0000000)
  object space 21504K, 29% used [0x00000000b5a00000,0x00000000b6046108,0x00000000b6f00000)

Card table byte_map: [0x00007f9ed2816000,0x00007f9ed2a6a000] byte_map_base: 0x00007f9ed2269000

Polling page: 0x00007f9ed61ab000

Code Cache  [0x00007f9ec9000000, 0x00007f9ec9270000, 0x00007f9ecc000000)
 total_blobs=556 nmethods=323 adapters=186 free_code_cache=47681Kb largest_free_block=48801408

Compilation events (10 events):
Event: 21.007 Thread 0x00007f9ecc1ca800 nmethod 322 0x00007f9ec916d690 code [0x00007f9ec916d820, 0x00007f9ec916dfb8]
Event: 21.007 Thread 0x00007f9ecc1ca800  323             com.android.dx.util.IntList::<init> (6 bytes)
Event: 21.025 Thread 0x00007f9ecc1ca800 nmethod 323 0x00007f9ec916c1d0 code [0x00007f9ec916c320, 0x00007f9ec916c438]
Event: 21.025 Thread 0x00007f9ecc1ca800  324             com.android.dx.rop.code.InsnList::<init> (6 bytes)
Event: 21.027 Thread 0x00007f9ecc1ca800 nmethod 324 0x00007f9ec9118ad0 code [0x00007f9ec9118c20, 0x00007f9ec9118d58]
Event: 21.027 Thread 0x00007f9ecc1ca800  325             com.android.dx.ssa.BasicRegisterMapper::addMapping (68 bytes)
Event: 21.103 Thread 0x00007f9ecc1ca800 nmethod 325 0x00007f9ec916cbd0 code [0x00007f9ec916cd40, 0x00007f9ec916d238]
Event: 21.103 Thread 0x00007f9ecc1ca800  326             java.lang.StringBuilder::append (8 bytes)
Event: 21.148 Thread 0x00007f9ecc1ca800 nmethod 326 0x00007f9ec9175090 code [0x00007f9ec9175200, 0x00007f9ec91755b8]
Event: 21.148 Thread 0x00007f9ecc1ca800  327   !         com.android.dx.cf.cst.ConstantPoolParser::parse0 (731 bytes)

GC Heap History (10 events):
Event: 1.875 GC heap after
Heap after GC invocations=2 (full 0):
 PSYoungGen      total 33280K, used 2537K [0x00000000eaa80000, 0x00000000ecd80000, 0x0000000100000000)
  eden space 30720K, 0% used [0x00000000eaa80000,0x00000000eaa80000,0x00000000ec880000)
  from space 2560K, 99% used [0x00000000ecb00000,0x00000000ecd7a608,0x00000000ecd80000)
  to   space 2560K, 0% used [0x00000000ec880000,0x00000000ec880000,0x00000000ecb00000)
 ParOldGen       total 40448K, used 1417K [0x00000000c0000000, 0x00000000c2780000, 0x00000000eaa80000)
  object space 40448K, 3% used [0x00000000c0000000,0x00000000c0162618,0x00000000c2780000)
 PSPermGen       total 21504K, used 5976K [0x00000000b5a00000, 0x00000000b6f00000, 0x00000000c0000000)
  object space 21504K, 27% used [0x00000000b5a00000,0x00000000b5fd6110,0x00000000b6f00000)
}
Event: 4.208 GC heap before
{Heap before GC invocations=3 (full 0):
 PSYoungGen      total 33280K, used 33257K [0x00000000eaa80000, 0x00000000ecd80000, 0x0000000100000000)
  eden space 30720K, 100% used [0x00000000eaa80000,0x00000000ec880000,0x00000000ec880000)
  from space 2560K, 99% used [0x00000000ecb00000,0x00000000ecd7a608,0x00000000ecd80000)
  to   space 2560K, 0% used [0x00000000ec880000,0x00000000ec880000,0x00000000ecb00000)
 ParOldGen       total 40448K, used 1417K [0x00000000c0000000, 0x00000000c2780000, 0x00000000eaa80000)
  object space 40448K, 3% used [0x00000000c0000000,0x00000000c0162618,0x00000000c2780000)
 PSPermGen       total 21504K, used 6207K [0x00000000b5a00000, 0x00000000b6f00000, 0x00000000c0000000)
  object space 21504K, 28% used [0x00000000b5a00000,0x00000000b600fc78,0x00000000b6f00000)
Event: 4.272 GC heap after
Heap after GC invocations=3 (full 0):
 PSYoungGen      total 33280K, used 2542K [0x00000000eaa80000, 0x00000000eeb80000, 0x0000000100000000)
  eden space 30720K, 0% used [0x00000000eaa80000,0x00000000eaa80000,0x00000000ec880000)
  from space 2560K, 99% used [0x00000000ec880000,0x00000000ecafb8d8,0x00000000ecb00000)
  to   space 2560K, 0% used [0x00000000ee900000,0x00000000ee900000,0x00000000eeb80000)
 ParOldGen       total 40448K, used 7035K [0x00000000c0000000, 0x00000000c2780000, 0x00000000eaa80000)
  object space 40448K, 17% used [0x00000000c0000000,0x00000000c06ded30,0x00000000c2780000)
 PSPermGen       total 21504K, used 6207K [0x00000000b5a00000, 0x00000000b6f00000, 0x00000000c0000000)
  object space 21504K, 28% used [0x00000000b5a00000,0x00000000b600fc78,0x00000000b6f00000)
}
Event: 6.636 GC heap before
{Heap before GC invocations=4 (full 0):
 PSYoungGen      total 33280K, used 33262K [0x00000000eaa80000, 0x00000000eeb80000, 0x0000000100000000)
  eden space 30720K, 100% used [0x00000000eaa80000,0x00000000ec880000,0x00000000ec880000)
  from space 2560K, 99% used [0x00000000ec880000,0x00000000ecafb8d8,0x00000000ecb00000)
  to   space 2560K, 0% used [0x00000000ee900000,0x00000000ee900000,0x00000000eeb80000)
 ParOldGen       total 40448K, used 7035K [0x00000000c0000000, 0x00000000c2780000, 0x00000000eaa80000)
  object space 40448K, 17% used [0x00000000c0000000,0x00000000c06ded30,0x00000000c2780000)
 PSPermGen       total 21504K, used 6262K [0x00000000b5a00000, 0x00000000b6f00000, 0x00000000c0000000)
  object space 21504K, 29% used [0x00000000b5a00000,0x00000000b601db30,0x00000000b6f00000)
Event: 6.725 GC heap after
Heap after GC invocations=4 (full 0):
 PSYoungGen      total 64000K, used 2558K [0x00000000eaa80000, 0x00000000eeb80000, 0x0000000100000000)
  eden space 61440K, 0% used [0x00000000eaa80000,0x00000000eaa80000,0x00000000ee680000)
  from space 2560K, 99% used [0x00000000ee900000,0x00000000eeb7f8e8,0x00000000eeb80000)
  to   space 2560K, 0% used [0x00000000ee680000,0x00000000ee680000,0x00000000ee900000)
 ParOldGen       total 40448K, used 12712K [0x00000000c0000000, 0x00000000c2780000, 0x00000000eaa80000)
  object space 40448K, 31% used [0x00000000c0000000,0x00000000c0c6a2d8,0x00000000c2780000)
 PSPermGen       total 21504K, used 6262K [0x00000000b5a00000, 0x00000000b6f00000, 0x00000000c0000000)
  object space 21504K, 29% used [0x00000000b5a00000,0x00000000b601db30,0x00000000b6f00000)
}
Event: 11.188 GC heap before
{Heap before GC invocations=5 (full 0):
 PSYoungGen      total 64000K, used 63998K [0x00000000eaa80000, 0x00000000eeb80000, 0x0000000100000000)
  eden space 61440K, 100% used [0x00000000eaa80000,0x00000000ee680000,0x00000000ee680000)
  from space 2560K, 99% used [0x00000000ee900000,0x00000000eeb7f8e8,0x00000000eeb80000)
  to   space 2560K, 0% used [0x00000000ee680000,0x00000000ee680000,0x00000000ee900000)
 ParOldGen       total 40448K, used 12712K [0x00000000c0000000, 0x00000000c2780000, 0x00000000eaa80000)
  object space 40448K, 31% used [0x00000000c0000000,0x00000000c0c6a2d8,0x00000000c2780000)
 PSPermGen       total 21504K, used 6300K [0x00000000b5a00000, 0x00000000b6f00000, 0x00000000c0000000)
  object space 21504K, 29% used [0x00000000b5a00000,0x00000000b6027330,0x00000000b6f00000)
Event: 11.318 GC heap after
Heap after GC invocations=5 (full 0):
 PSYoungGen      total 64000K, used 2558K [0x00000000eaa80000, 0x00000000f4080000, 0x0000000100000000)
  eden space 61440K, 0% used [0x00000000eaa80000,0x00000000eaa80000,0x00000000ee680000)
  from space 2560K, 99% used [0x00000000ee680000,0x00000000ee8ff8c8,0x00000000ee900000)
  to   space 15360K, 0% used [0x00000000f3180000,0x00000000f3180000,0x00000000f4080000)
 ParOldGen       total 40448K, used 22905K [0x00000000c0000000, 0x00000000c2780000, 0x00000000eaa80000)
  object space 40448K, 56% used [0x00000000c0000000,0x00000000c165e608,0x00000000c2780000)
 PSPermGen       total 21504K, used 6300K [0x00000000b5a00000, 0x00000000b6f00000, 0x00000000c0000000)
  object space 21504K, 29% used [0x00000000b5a00000,0x00000000b6027330,0x00000000b6f00000)
}
Event: 15.971 GC heap before
{Heap before GC invocations=6 (full 0):
 PSYoungGen      total 64000K, used 63998K [0x00000000eaa80000, 0x00000000f4080000, 0x0000000100000000)
  eden space 61440K, 100% used [0x00000000eaa80000,0x00000000ee680000,0x00000000ee680000)
  from space 2560K, 99% used [0x00000000ee680000,0x00000000ee8ff8c8,0x00000000ee900000)
  to   space 15360K, 0% used [0x00000000f3180000,0x00000000f3180000,0x00000000f4080000)
 ParOldGen       total 40448K, used 22905K [0x00000000c0000000, 0x00000000c2780000, 0x00000000eaa80000)
  object space 40448K, 56% used [0x00000000c0000000,0x00000000c165e608,0x00000000c2780000)
 PSPermGen       total 21504K, used 6343K [0x00000000b5a00000, 0x00000000b6f00000, 0x00000000c0000000)
  object space 21504K, 29% used [0x00000000b5a00000,0x00000000b6031fe8,0x00000000b6f00000)
Event: 16.131 GC heap after
Heap after GC invocations=6 (full 0):
 PSYoungGen      total 136192K, used 12972K [0x00000000eaa80000, 0x00000000f4480000, 0x0000000100000000)
  eden space 120832K, 0% used [0x00000000eaa80000,0x00000000eaa80000,0x00000000f2080000)
  from space 15360K, 84% used [0x00000000f3180000,0x00000000f3e2b318,0x00000000f4080000)
  to   space 17408K, 0% used [0x00000000f2080000,0x00000000f2080000,0x00000000f3180000)
 ParOldGen       total 40448K, used 22905K [0x00000000c0000000, 0x00000000c2780000, 0x00000000eaa80000)
  object space 40448K, 56% used [0x00000000c0000000,0x00000000c165e608,0x00000000c2780000)
 PSPermGen       total 21504K, used 6343K [0x00000000b5a00000, 0x00000000b6f00000, 0x00000000c0000000)
  object space 21504K, 29% used [0x00000000b5a00000,0x00000000b6031fe8,0x00000000b6f00000)
}
Event: 23.094 GC heap before
{Heap before GC invocations=7 (full 0):
 PSYoungGen      total 136192K, used 133804K [0x00000000eaa80000, 0x00000000f4480000, 0x0000000100000000)
  eden space 120832K, 100% used [0x00000000eaa80000,0x00000000f2080000,0x00000000f2080000)
  from space 15360K, 84% used [0x00000000f3180000,0x00000000f3e2b318,0x00000000f4080000)
  to   space 17408K, 0% used [0x00000000f2080000,0x00000000f2080000,0x00000000f3180000)
 ParOldGen       total 40448K, used 22905K [0x00000000c0000000, 0x00000000c2780000, 0x00000000eaa80000)
  object space 40448K, 56% used [0x00000000c0000000,0x00000000c165e608,0x00000000c2780000)
 PSPermGen       total 21504K, used 6424K [0x00000000b5a00000, 0x00000000b6f00000, 0x00000000c0000000)
  object space 21504K, 29% used [0x00000000b5a00000,0x00000000b6046108,0x00000000b6f00000)

Deoptimization events (9 events):
Event: 3.599 Thread 0x00007f9ecc00b000 Uncommon trap: reason=null_check action=make_not_entrant pc=0x00007f9ec90a7e2c method=com.android.dx.rop.type.Type.putIntern(Lcom/android/dx/rop/type/Type;)Lcom/android/dx/rop/type/Type; @ 18
Event: 3.844 Thread 0x00007f9ecc249000 Uncommon trap: reason=unreached action=reinterpret pc=0x00007f9ec9085f04 method=com.android.dx.rop.cst.Constant.compareTo(Lcom/android/dx/rop/cst/Constant;)I @ 12
Event: 4.686 Thread 0x00007f9ecc249000 Uncommon trap: reason=unreached action=reinterpret pc=0x00007f9ec90b51cc method=com.android.dx.ssa.LocalVariableExtractor.processBlock(I)V @ 251
Event: 5.060 Thread 0x00007f9ecc25b000 Uncommon trap: reason=null_check action=make_not_entrant pc=0x00007f9ec90cddac method=com.android.dx.ssa.SsaRenamer.getLocalForNewReg(I)Lcom/android/dx/rop/code/LocalItem; @ 19
Event: 5.545 Thread 0x00007f9ecc25b000 Uncommon trap: reason=class_check action=maybe_recompile pc=0x00007f9ec90acf88 method=java.util.HashMap.put(Ljava/lang/Object;Ljava/lang/Object;)Ljava/lang/Object; @ 83
Event: 5.545 Thread 0x00007f9ecc25b000 Uncommon trap: reason=class_check action=maybe_recompile pc=0x00007f9ec90acf88 method=java.util.HashMap.put(Ljava/lang/Object;Ljava/lang/Object;)Ljava/lang/Object; @ 83
Event: 5.545 Thread 0x00007f9ecc25b000 Uncommon trap: reason=class_check action=maybe_recompile pc=0x00007f9ec90acf88 method=java.util.HashMap.put(Ljava/lang/Object;Ljava/lang/Object;)Ljava/lang/Object; @ 83
Event: 5.545 Thread 0x00007f9ecc25b000 Uncommon trap: reason=class_check action=maybe_recompile pc=0x00007f9ec90acf88 method=java.util.HashMap.put(Ljava/lang/Object;Ljava/lang/Object;)Ljava/lang/Object; @ 83
Event: 14.680 Thread 0x00007f9ecc25b000 Uncommon trap: reason=null_check action=make_not_entrant pc=0x00007f9ec91247f8 method=com.android.dx.cf.code.Ropper$CatchInfo.getSetup(Lcom/android/dx/rop/type/Type;)Lcom/android/dx/cf/code/Ropper$ExceptionHandlerSetup; @ 10

Internal exceptions (10 events):
Event: 1.584 Thread 0x00007f9ecc00b000 Threw 0x00000000eb6a3f10 at /build/openjdk-7-yI9zWD/openjdk-7-7u79-2.5.6/build/openjdk/hotspot/src/share/vm/prims/jvm.cpp:1284
Event: 2.001 Thread 0x00007f9ecc259000 Threw 0x00000000eaabd080 at /build/openjdk-7-yI9zWD/openjdk-7-7u79-2.5.6/build/openjdk/hotspot/src/share/vm/prims/jvm.cpp:1284
Event: 2.309 Thread 0x00007f9ecc258000 Threw 0x00000000eaf9cd18 at /build/openjdk-7-yI9zWD/openjdk-7-7u79-2.5.6/build/openjdk/hotspot/src/share/vm/prims/jvm.cpp:1284
Event: 3.599 Thread 0x00007f9ecc00b000 Implicit null exception at 0x00007f9ec90a76fb to 0x00007f9ec90a7e1d
Event: 5.060 Thread 0x00007f9ecc25b000 Implicit null exception at 0x00007f9ec90cc5d4 to 0x00007f9ec90cdd75
Event: 5.375 Thread 0x00007f9ecc00b000 Threw 0x00000000eb8f6300 at /build/openjdk-7-yI9zWD/openjdk-7-7u79-2.5.6/build/openjdk/hotspot/src/share/vm/prims/jvm.cpp:1284
Event: 5.529 Thread 0x00007f9ecc00b000 Threw 0x00000000ebab11b0 at /build/openjdk-7-yI9zWD/openjdk-7-7u79-2.5.6/build/openjdk/hotspot/src/share/vm/prims/jvm.cpp:1284
Event: 6.890 Thread 0x00007f9ecc258000 Threw 0x00000000eab63a48 at /build/openjdk-7-yI9zWD/openjdk-7-7u79-2.5.6/build/openjdk/hotspot/src/share/vm/prims/jvm.cpp:1284
Event: 14.680 Thread 0x00007f9ecc25b000 Implicit null exception at 0x00007f9ec9120ea1 to 0x00007f9ec91247c5
Event: 15.001 Thread 0x00007f9ecc00b000 Threw 0x00000000ed7e7c60 at /build/openjdk-7-yI9zWD/openjdk-7-7u79-2.5.6/build/openjdk/hotspot/src/share/vm/prims/jvm.cpp:1284

Events (10 events):
Event: 16.145 Executing VM operation: RevokeBias
Event: 16.145 Executing VM operation: RevokeBias done
Event: 16.145 Executing VM operation: RevokeBias
Event: 16.145 Executing VM operation: RevokeBias done
Event: 16.145 Executing VM operation: BulkRevokeBias
Event: 16.145 Executing VM operation: BulkRevokeBias done
Event: 17.748 Thread 0x00007f9ecc1ca800 flushing nmethod 0x00007f9ec90b3ed0
Event: 17.760 Thread 0x00007f9ecc1ca800 flushing nmethod 0x00007f9ec90cb410
Event: 19.012 Thread 0x00007f9ecc1ca800 flushing nmethod 0x00007f9ec90ac710
Event: 23.083 Executing VM operation: ParallelGCFailedAllocation


Dynamic libraries:
00400000-00401000 r-xp 00000000 08:01 4331136                            /usr/lib/jvm/java-7-openjdk-amd64/jre/bin/java
00600000-00601000 r--p 00000000 08:01 4331136                            /usr/lib/jvm/java-7-openjdk-amd64/jre/bin/java
00601000-00602000 rw-p 00001000 08:01 4331136                            /usr/lib/jvm/java-7-openjdk-amd64/jre/bin/java
00876000-00897000 rw-p 00000000 00:00 0                                  [heap]
b5a00000-b6f00000 rw-p 00000000 00:00 0 
b6f00000-c0000000 rw-p 00000000 00:00 0 
c0000000-c2780000 rw-p 00000000 00:00 0 
c2780000-eaa80000 rw-p 00000000 00:00 0 
eaa80000-f4480000 rw-p 00000000 00:00 0 
fcd80000-100000000 rw-p 00000000 00:00 0 
7f9e78000000-7f9e78021000 rw-p 00000000 00:00 0 
7f9e78021000-7f9e7c000000 ---p 00000000 00:00 0 
7f9e80000000-7f9e80021000 rw-p 00000000 00:00 0 
7f9e80021000-7f9e84000000 ---p 00000000 00:00 0 
7f9e87dfe000-7f9e87e01000 ---p 00000000 00:00 0 
7f9e87e01000-7f9e87eff000 rw-p 00000000 00:00 0                          [stack:6573]
7f9e87eff000-7f9e87f02000 ---p 00000000 00:00 0 
7f9e87f02000-7f9e88000000 rw-p 00000000 00:00 0                          [stack:6572]
7f9e88000000-7f9e88021000 rw-p 00000000 00:00 0 
7f9e88021000-7f9e8c000000 ---p 00000000 00:00 0 
7f9e8c000000-7f9e8c021000 rw-p 00000000 00:00 0 
7f9e8c021000-7f9e90000000 ---p 00000000 00:00 0 
7f9e90000000-7f9e90021000 rw-p 00000000 00:00 0 
7f9e90021000-7f9e94000000 ---p 00000000 00:00 0 
7f9e94000000-7f9e94041000 rw-p 00000000 00:00 0 
7f9e94041000-7f9e98000000 ---p 00000000 00:00 0 
7f9e98000000-7f9e99ace000 rw-p 00000000 00:00 0 
7f9e99ace000-7f9e9c000000 ---p 00000000 00:00 0 
7f9e9c000000-7f9e9c021000 rw-p 00000000 00:00 0 
7f9e9c021000-7f9ea0000000 ---p 00000000 00:00 0 
7f9ea0000000-7f9ea0021000 rw-p 00000000 00:00 0 
7f9ea0021000-7f9ea4000000 ---p 00000000 00:00 0 
7f9ea4000000-7f9ea5b5c000 rw-p 00000000 00:00 0 
7f9ea5b5c000-7f9ea8000000 ---p 00000000 00:00 0 
7f9ea8000000-7f9ea8021000 rw-p 00000000 00:00 0 
7f9ea8021000-7f9eac000000 ---p 00000000 00:00 0 
7f9eac000000-7f9eac021000 rw-p 00000000 00:00 0 
7f9eac021000-7f9eb0000000 ---p 00000000 00:00 0 
7f9eb0000000-7f9eb0021000 rw-p 00000000 00:00 0 
7f9eb0021000-7f9eb4000000 ---p 00000000 00:00 0 
7f9eb4000000-7f9eb4258000 rw-p 00000000 00:00 0 
7f9eb4258000-7f9eb8000000 ---p 00000000 00:00 0 
7f9eb8000000-7f9eb8021000 rw-p 00000000 00:00 0 
7f9eb8021000-7f9ebc000000 ---p 00000000 00:00 0 
7f9ebc000000-7f9ebc021000 rw-p 00000000 00:00 0 
7f9ebc021000-7f9ec0000000 ---p 00000000 00:00 0 
7f9ec0000000-7f9ec0021000 rw-p 00000000 00:00 0 
7f9ec0021000-7f9ec4000000 ---p 00000000 00:00 0 
7f9ec40a3000-7f9ec40a6000 ---p 00000000 00:00 0 
7f9ec40a6000-7f9ec41a4000 rw-p 00000000 00:00 0                          [stack:6571]
7f9ec41a4000-7f9ec41a7000 ---p 00000000 00:00 0 
7f9ec41a7000-7f9ec42a5000 rw-p 00000000 00:00 0                          [stack:6569]
7f9ec42a5000-7f9ec42a8000 ---p 00000000 00:00 0 
7f9ec42a8000-7f9ec46a7000 rw-p 00000000 00:00 0                          [stack:6568]
7f9ec46a7000-7f9ec4713000 r-xp 00000000 08:01 6029331                    /lib/x86_64-linux-gnu/libpcre.so.3.13.1
7f9ec4713000-7f9ec4912000 ---p 0006c000 08:01 6029331                    /lib/x86_64-linux-gnu/libpcre.so.3.13.1
7f9ec4912000-7f9ec4913000 r--p 0006b000 08:01 6029331                    /lib/x86_64-linux-gnu/libpcre.so.3.13.1
7f9ec4913000-7f9ec4914000 rw-p 0006c000 08:01 6029331                    /lib/x86_64-linux-gnu/libpcre.so.3.13.1
7f9ec4914000-7f9ec491b000 r-xp 00000000 08:01 3416583                    /usr/lib/x86_64-linux-gnu/libffi.so.6.0.4
7f9ec491b000-7f9ec4b1a000 ---p 00007000 08:01 3416583                    /usr/lib/x86_64-linux-gnu/libffi.so.6.0.4
7f9ec4b1a000-7f9ec4b1b000 r--p 00006000 08:01 3416583                    /usr/lib/x86_64-linux-gnu/libffi.so.6.0.4
7f9ec4b1b000-7f9ec4b1c000 rw-p 00007000 08:01 3416583                    /usr/lib/x86_64-linux-gnu/libffi.so.6.0.4
7f9ec4b1c000-7f9ec4b33000 r-xp 00000000 08:01 6033728                    /lib/x86_64-linux-gnu/libresolv-2.21.so
7f9ec4b33000-7f9ec4d33000 ---p 00017000 08:01 6033728                    /lib/x86_64-linux-gnu/libresolv-2.21.so
7f9ec4d33000-7f9ec4d35000 r--p 00017000 08:01 6033728                    /lib/x86_64-linux-gnu/libresolv-2.21.so
7f9ec4d35000-7f9ec4d36000 rw-p 00019000 08:01 6033728                    /lib/x86_64-linux-gnu/libresolv-2.21.so
7f9ec4d36000-7f9ec4d38000 rw-p 00000000 00:00 0 
7f9ec4d38000-7f9ec4d59000 r-xp 00000000 08:01 6033732                    /lib/x86_64-linux-gnu/libselinux.so.1
7f9ec4d59000-7f9ec4f58000 ---p 00021000 08:01 6033732                    /lib/x86_64-linux-gnu/libselinux.so.1
7f9ec4f58000-7f9ec4f59000 r--p 00020000 08:01 6033732                    /lib/x86_64-linux-gnu/libselinux.so.1
7f9ec4f59000-7f9ec4f5a000 rw-p 00021000 08:01 6033732                    /lib/x86_64-linux-gnu/libselinux.so.1
7f9ec4f5a000-7f9ec4f5c000 rw-p 00000000 00:00 0 
7f9ec4f5c000-7f9ec4f5f000 r-xp 00000000 08:01 3408295                    /usr/lib/x86_64-linux-gnu/libgmodule-2.0.so.0.4400.1
7f9ec4f5f000-7f9ec515e000 ---p 00003000 08:01 3408295                    /usr/lib/x86_64-linux-gnu/libgmodule-2.0.so.0.4400.1
7f9ec515e000-7f9ec515f000 r--p 00002000 08:01 3408295                    /usr/lib/x86_64-linux-gnu/libgmodule-2.0.so.0.4400.1
7f9ec515f000-7f9ec5160000 rw-p 00003000 08:01 3408295                    /usr/lib/x86_64-linux-gnu/libgmodule-2.0.so.0.4400.1
7f9ec5160000-7f9ec526d000 r-xp 00000000 08:01 6033501                    /lib/x86_64-linux-gnu/libglib-2.0.so.0.4400.1
7f9ec526d000-7f9ec546c000 ---p 0010d000 08:01 6033501                    /lib/x86_64-linux-gnu/libglib-2.0.so.0.4400.1
7f9ec546c000-7f9ec546d000 r--p 0010c000 08:01 6033501                    /lib/x86_64-linux-gnu/libglib-2.0.so.0.4400.1
7f9ec546d000-7f9ec546e000 rw-p 0010d000 08:01 6033501                    /lib/x86_64-linux-gnu/libglib-2.0.so.0.4400.1
7f9ec546e000-7f9ec546f000 rw-p 00000000 00:00 0 
7f9ec546f000-7f9ec54bf000 r-xp 00000000 08:01 3408255                    /usr/lib/x86_64-linux-gnu/libgobject-2.0.so.0.4400.1
7f9ec54bf000-7f9ec56bf000 ---p 00050000 08:01 3408255                    /usr/lib/x86_64-linux-gnu/libgobject-2.0.so.0.4400.1
7f9ec56bf000-7f9ec56c0000 r--p 00050000 08:01 3408255                    /usr/lib/x86_64-linux-gnu/libgobject-2.0.so.0.4400.1
7f9ec56c0000-7f9ec56c1000 rw-p 00051000 08:01 3408255                    /usr/lib/x86_64-linux-gnu/libgobject-2.0.so.0.4400.1
7f9ec56c1000-7f9ec5839000 r-xp 00000000 08:01 3408277                    /usr/lib/x86_64-linux-gnu/libgio-2.0.so.0.4400.1
7f9ec5839000-7f9ec5a39000 ---p 00178000 08:01 3408277                    /usr/lib/x86_64-linux-gnu/libgio-2.0.so.0.4400.1
7f9ec5a39000-7f9ec5a3d000 r--p 00178000 08:01 3408277                    /usr/lib/x86_64-linux-gnu/libgio-2.0.so.0.4400.1
7f9ec5a3d000-7f9ec5a3f000 rw-p 0017c000 08:01 3408277                    /usr/lib/x86_64-linux-gnu/libgio-2.0.so.0.4400.1
7f9ec5a3f000-7f9ec5a41000 rw-p 00000000 00:00 0 
7f9ec5a41000-7f9ec5a58000 r-xp 00000000 08:01 4331089                    /usr/lib/jvm/java-7-openjdk-amd64/jre/lib/amd64/libnet.so
7f9ec5a58000-7f9ec5c57000 ---p 00017000 08:01 4331089                    /usr/lib/jvm/java-7-openjdk-amd64/jre/lib/amd64/libnet.so
7f9ec5c57000-7f9ec5c58000 r--p 00016000 08:01 4331089                    /usr/lib/jvm/java-7-openjdk-amd64/jre/lib/amd64/libnet.so
7f9ec5c58000-7f9ec5c59000 rw-p 00017000 08:01 4331089                    /usr/lib/jvm/java-7-openjdk-amd64/jre/lib/amd64/libnet.so
7f9ec5c59000-7f9ec5c6a000 r-xp 00000000 08:01 4331094                    /usr/lib/jvm/java-7-openjdk-amd64/jre/lib/amd64/libnio.so
7f9ec5c6a000-7f9ec5e69000 ---p 00011000 08:01 4331094                    /usr/lib/jvm/java-7-openjdk-amd64/jre/lib/amd64/libnio.so
7f9ec5e69000-7f9ec5e6a000 r--p 00010000 08:01 4331094                    /usr/lib/jvm/java-7-openjdk-amd64/jre/lib/amd64/libnio.so
7f9ec5e6a000-7f9ec5e6b000 rw-p 00011000 08:01 4331094                    /usr/lib/jvm/java-7-openjdk-amd64/jre/lib/amd64/libnio.so
7f9ec5e6b000-7f9ec5e6c000 ---p 00000000 00:00 0 
7f9ec5e6c000-7f9ec5f6c000 rw-p 00000000 00:00 0                          [stack:6547]
7f9ec5f6c000-7f9ec5f6f000 ---p 00000000 00:00 0 
7f9ec5f6f000-7f9ec606d000 rw-p 00000000 00:00 0                          [stack:6546]
7f9ec606d000-7f9ec6070000 ---p 00000000 00:00 0 
7f9ec6070000-7f9ec616e000 rw-p 00000000 00:00 0                          [stack:6545]
7f9ec616e000-7f9ec6173000 r-xp 00000000 08:01 3416275                    /usr/lib/x86_64-linux-gnu/libXdmcp.so.6.0.0
7f9ec6173000-7f9ec6372000 ---p 00005000 08:01 3416275                    /usr/lib/x86_64-linux-gnu/libXdmcp.so.6.0.0
7f9ec6372000-7f9ec6373000 r--p 00004000 08:01 3416275                    /usr/lib/x86_64-linux-gnu/libXdmcp.so.6.0.0
7f9ec6373000-7f9ec6374000 rw-p 00005000 08:01 3416275                    /usr/lib/x86_64-linux-gnu/libXdmcp.so.6.0.0
7f9ec6374000-7f9ec6376000 r-xp 00000000 08:01 3416264                    /usr/lib/x86_64-linux-gnu/libXau.so.6.0.0
7f9ec6376000-7f9ec6576000 ---p 00002000 08:01 3416264                    /usr/lib/x86_64-linux-gnu/libXau.so.6.0.0
7f9ec6576000-7f9ec6577000 r--p 00002000 08:01 3416264                    /usr/lib/x86_64-linux-gnu/libXau.so.6.0.0
7f9ec6577000-7f9ec6578000 rw-p 00003000 08:01 3416264                    /usr/lib/x86_64-linux-gnu/libXau.so.6.0.0
7f9ec6578000-7f9ec6595000 r-xp 00000000 08:01 3417462                    /usr/lib/x86_64-linux-gnu/libxcb.so.1.1.0
7f9ec6595000-7f9ec6795000 ---p 0001d000 08:01 3417462                    /usr/lib/x86_64-linux-gnu/libxcb.so.1.1.0
7f9ec6795000-7f9ec6796000 r--p 0001d000 08:01 3417462                    /usr/lib/x86_64-linux-gnu/libxcb.so.1.1.0
7f9ec6796000-7f9ec6797000 rw-p 0001e000 08:01 3417462                    /usr/lib/x86_64-linux-gnu/libxcb.so.1.1.0
7f9ec6797000-7f9ec68ca000 r-xp 00000000 08:01 3416260                    /usr/lib/x86_64-linux-gnu/libX11.so.6.3.0
7f9ec68ca000-7f9ec6aca000 ---p 00133000 08:01 3416260                    /usr/lib/x86_64-linux-gnu/libX11.so.6.3.0
7f9ec6aca000-7f9ec6acb000 r--p 00133000 08:01 3416260                    /usr/lib/x86_64-linux-gnu/libX11.so.6.3.0
7f9ec6acb000-7f9ec6acf000 rw-p 00134000 08:01 3416260                    /usr/lib/x86_64-linux-gnu/libX11.so.6.3.0
7f9ec6acf000-7f9ec9000000 rw-p 00000000 00:00 0 
7f9ec9000000-7f9ec9270000 rwxp 00000000 00:00 0 
7f9ec9270000-7f9ecc299000 rw-p 00000000 00:00 0 
7f9ecc299000-7f9ed0000000 ---p 00000000 00:00 0 
7f9ed002d000-7f9ed002e000 rw-p 00000000 00:00 0 
7f9ed002e000-7f9ed0043000 r--s 000e5000 08:01 7609524                    /home/hridoy/AndroidStudioProjects/DisarmConnect2/app/build/intermediates/exploded-aar/com.android.support/support-v4/23.1.1/jars/classes.jar
7f9ed0043000-7f9ed0046000 ---p 00000000 00:00 0 
7f9ed0046000-7f9ed0144000 rw-p 00000000 00:00 0                          [stack:6544]
7f9ed0144000-7f9ed0146000 r-xp 00000000 08:01 3413406                    /usr/lib/jayatana/libjayatanaag.so
7f9ed0146000-7f9ed0345000 ---p 00002000 08:01 3413406                    /usr/lib/jayatana/libjayatanaag.so
7f9ed0345000-7f9ed0346000 r--p 00001000 08:01 3413406                    /usr/lib/jayatana/libjayatanaag.so
7f9ed0346000-7f9ed0347000 rw-p 00002000 08:01 3413406                    /usr/lib/jayatana/libjayatanaag.so
7f9ed0347000-7f9ed0356000 r--s 000df000 08:01 3555195                    /home/hridoy/Android/Sdk/build-tools/23.0.2/lib/dx.jar
7f9ed0356000-7f9ed0359000 ---p 00000000 00:00 0 
7f9ed0359000-7f9ed0457000 rw-p 00000000 00:00 0                          [stack:6539]
7f9ed0457000-7f9ed0b39000 r--p 00000000 08:01 3415298                    /usr/lib/locale/locale-archive
7f9ed0b39000-7f9ed0b3c000 ---p 00000000 00:00 0 
7f9ed0b3c000-7f9ed0c3a000 rw-p 00000000 00:00 0                          [stack:6530]
7f9ed0c3a000-7f9ed0c3d000 ---p 00000000 00:00 0 
7f9ed0c3d000-7f9ed0d3b000 rw-p 00000000 00:00 0                          [stack:6529]
7f9ed0d3b000-7f9ed0d3c000 ---p 00000000 00:00 0 
7f9ed0d3c000-7f9ed1d94000 rw-p 00000000 00:00 0                          [stack:6528]
7f9ed1d94000-7f9ed1f45000 r--s 01d29000 08:01 3943016                    /usr/lib/jvm/java-7-openjdk-amd64/jre/lib/rt.jar
7f9ed1f45000-7f9ed2269000 rw-p 00000000 00:00 0 
7f9ed2269000-7f9ed226a000 ---p 00000000 00:00 0 
7f9ed226a000-7f9ed236a000 rw-p 00000000 00:00 0                          [stack:6527]
7f9ed236a000-7f9ed236b000 ---p 00000000 00:00 0 
7f9ed236b000-7f9ed246b000 rw-p 00000000 00:00 0                          [stack:6525]
7f9ed246b000-7f9ed246c000 ---p 00000000 00:00 0 
7f9ed246c000-7f9ed256c000 rw-p 00000000 00:00 0                          [stack:6524]
7f9ed256c000-7f9ed256d000 ---p 00000000 00:00 0 
7f9ed256d000-7f9ed2678000 rw-p 00000000 00:00 0                          [stack:6523]
7f9ed2678000-7f9ed26c0000 rw-p 00000000 00:00 0 
7f9ed26c0000-7f9ed26d4000 rw-p 00000000 00:00 0 
7f9ed26d4000-7f9ed2816000 rw-p 00000000 00:00 0 
7f9ed2816000-7f9ed2821000 rw-p 00000000 00:00 0 
7f9ed2821000-7f9ed2869000 rw-p 00000000 00:00 0 
7f9ed2869000-7f9ed287d000 rw-p 00000000 00:00 0 
7f9ed287d000-7f9ed29be000 rw-p 00000000 00:00 0 
7f9ed29be000-7f9ed2a0c000 rw-p 00000000 00:00 0 
7f9ed2a0c000-7f9ed2a69000 rw-p 00000000 00:00 0 
7f9ed2a69000-7f9ed2a6a000 rw-p 00000000 00:00 0 
7f9ed2a6a000-7f9ed2a72000 r-xp 00000000 08:01 4331060                    /usr/lib/jvm/java-7-openjdk-amd64/jre/lib/amd64/libzip.so
7f9ed2a72000-7f9ed2c71000 ---p 00008000 08:01 4331060                    /usr/lib/jvm/java-7-openjdk-amd64/jre/lib/amd64/libzip.so
7f9ed2c71000-7f9ed2c72000 r--p 00007000 08:01 4331060                    /usr/lib/jvm/java-7-openjdk-amd64/jre/lib/amd64/libzip.so
7f9ed2c72000-7f9ed2c73000 rw-p 00008000 08:01 4331060                    /usr/lib/jvm/java-7-openjdk-amd64/jre/lib/amd64/libzip.so
7f9ed2c73000-7f9ed2c7f000 r-xp 00000000 08:01 6033675                    /lib/x86_64-linux-gnu/libnss_files-2.21.so
7f9ed2c7f000-7f9ed2e7e000 ---p 0000c000 08:01 6033675                    /lib/x86_64-linux-gnu/libnss_files-2.21.so
7f9ed2e7e000-7f9ed2e7f000 r--p 0000b000 08:01 6033675                    /lib/x86_64-linux-gnu/libnss_files-2.21.so
7f9ed2e7f000-7f9ed2e80000 rw-p 0000c000 08:01 6033675                    /lib/x86_64-linux-gnu/libnss_files-2.21.so
7f9ed2e80000-7f9ed2e8b000 r-xp 00000000 08:01 6033685                    /lib/x86_64-linux-gnu/libnss_nis-2.21.so
7f9ed2e8b000-7f9ed308a000 ---p 0000b000 08:01 6033685                    /lib/x86_64-linux-gnu/libnss_nis-2.21.so
7f9ed308a000-7f9ed308b000 r--p 0000a000 08:01 6033685                    /lib/x86_64-linux-gnu/libnss_nis-2.21.so
7f9ed308b000-7f9ed308c000 rw-p 0000b000 08:01 6033685                    /lib/x86_64-linux-gnu/libnss_nis-2.21.so
7f9ed308c000-7f9ed30a3000 r-xp 00000000 08:01 6033669                    /lib/x86_64-linux-gnu/libnsl-2.21.so
7f9ed30a3000-7f9ed32a2000 ---p 00017000 08:01 6033669                    /lib/x86_64-linux-gnu/libnsl-2.21.so
7f9ed32a2000-7f9ed32a3000 r--p 00016000 08:01 6033669                    /lib/x86_64-linux-gnu/libnsl-2.21.so
7f9ed32a3000-7f9ed32a4000 rw-p 00017000 08:01 6033669                    /lib/x86_64-linux-gnu/libnsl-2.21.so
7f9ed32a4000-7f9ed32a6000 rw-p 00000000 00:00 0 
7f9ed32a6000-7f9ed32ae000 r-xp 00000000 08:01 6033671                    /lib/x86_64-linux-gnu/libnss_compat-2.21.so
7f9ed32ae000-7f9ed34ad000 ---p 00008000 08:01 6033671                    /lib/x86_64-linux-gnu/libnss_compat-2.21.so
7f9ed34ad000-7f9ed34ae000 r--p 00007000 08:01 6033671                    /lib/x86_64-linux-gnu/libnss_compat-2.21.so
7f9ed34ae000-7f9ed34af000 rw-p 00008000 08:01 6033671                    /lib/x86_64-linux-gnu/libnss_compat-2.21.so
7f9ed34af000-7f9ed34b9000 r-xp 00000000 08:01 4331090                    /usr/lib/jvm/java-7-openjdk-amd64/jre/lib/amd64/libinstrument.so
7f9ed34b9000-7f9ed36b8000 ---p 0000a000 08:01 4331090                    /usr/lib/jvm/java-7-openjdk-amd64/jre/lib/amd64/libinstrument.so
7f9ed36b8000-7f9ed36b9000 r--p 00009000 08:01 4331090                    /usr/lib/jvm/java-7-openjdk-amd64/jre/lib/amd64/libinstrument.so
7f9ed36b9000-7f9ed36ba000 rw-p 0000a000 08:01 4331090                    /usr/lib/jvm/java-7-openjdk-amd64/jre/lib/amd64/libinstrument.so
7f9ed36ba000-7f9ed36e7000 r-xp 00000000 08:01 4331097                    /usr/lib/jvm/java-7-openjdk-amd64/jre/lib/amd64/libjava.so
7f9ed36e7000-7f9ed38e6000 ---p 0002d000 08:01 4331097                    /usr/lib/jvm/java-7-openjdk-amd64/jre/lib/amd64/libjava.so
7f9ed38e6000-7f9ed38e7000 r--p 0002c000 08:01 4331097                    /usr/lib/jvm/java-7-openjdk-amd64/jre/lib/amd64/libjava.so
7f9ed38e7000-7f9ed38e9000 rw-p 0002d000 08:01 4331097                    /usr/lib/jvm/java-7-openjdk-amd64/jre/lib/amd64/libjava.so
7f9ed38e9000-7f9ed38f8000 r-xp 00000000 08:01 4331078                    /usr/lib/jvm/java-7-openjdk-amd64/jre/lib/amd64/libverify.so
7f9ed38f8000-7f9ed3af7000 ---p 0000f000 08:01 4331078                    /usr/lib/jvm/java-7-openjdk-amd64/jre/lib/amd64/libverify.so
7f9ed3af7000-7f9ed3afa000 r--p 0000e000 08:01 4331078                    /usr/lib/jvm/java-7-openjdk-amd64/jre/lib/amd64/libverify.so
7f9ed3afa000-7f9ed3afb000 rw-p 00011000 08:01 4331078                    /usr/lib/jvm/java-7-openjdk-amd64/jre/lib/amd64/libverify.so
7f9ed3afb000-7f9ed3b02000 r-xp 00000000 08:01 6033730                    /lib/x86_64-linux-gnu/librt-2.21.so
7f9ed3b02000-7f9ed3d01000 ---p 00007000 08:01 6033730                    /lib/x86_64-linux-gnu/librt-2.21.so
7f9ed3d01000-7f9ed3d02000 r--p 00006000 08:01 6033730                    /lib/x86_64-linux-gnu/librt-2.21.so
7f9ed3d02000-7f9ed3d03000 rw-p 00007000 08:01 6033730                    /lib/x86_64-linux-gnu/librt-2.21.so
7f9ed3d03000-7f9ed3d19000 r-xp 00000000 08:01 6033618                    /lib/x86_64-linux-gnu/libgcc_s.so.1
7f9ed3d19000-7f9ed3f18000 ---p 00016000 08:01 6033618                    /lib/x86_64-linux-gnu/libgcc_s.so.1
7f9ed3f18000-7f9ed3f19000 rw-p 00015000 08:01 6033618                    /lib/x86_64-linux-gnu/libgcc_s.so.1
7f9ed3f19000-7f9ed4020000 r-xp 00000000 08:01 6033648                    /lib/x86_64-linux-gnu/libm-2.21.so
7f9ed4020000-7f9ed421f000 ---p 00107000 08:01 6033648                    /lib/x86_64-linux-gnu/libm-2.21.so
7f9ed421f000-7f9ed4220000 r--p 00106000 08:01 6033648                    /lib/x86_64-linux-gnu/libm-2.21.so
7f9ed4220000-7f9ed4221000 rw-p 00107000 08:01 6033648                    /lib/x86_64-linux-gnu/libm-2.21.so
7f9ed4221000-7f9ed4311000 r-xp 00000000 08:01 3417256                    /usr/lib/x86_64-linux-gnu/libstdc++.so.6.0.20
7f9ed4311000-7f9ed4511000 ---p 000f0000 08:01 3417256                    /usr/lib/x86_64-linux-gnu/libstdc++.so.6.0.20
7f9ed4511000-7f9ed4519000 r--p 000f0000 08:01 3417256                    /usr/lib/x86_64-linux-gnu/libstdc++.so.6.0.20
7f9ed4519000-7f9ed451b000 rw-p 000f8000 08:01 3417256                    /usr/lib/x86_64-linux-gnu/libstdc++.so.6.0.20
7f9ed451b000-7f9ed4530000 rw-p 00000000 00:00 0 
7f9ed4530000-7f9ed5088000 r-xp 00000000 08:01 4331066                    /usr/lib/jvm/java-7-openjdk-amd64/jre/lib/amd64/server/libjvm.so
7f9ed5088000-7f9ed5287000 ---p 00b58000 08:01 4331066                    /usr/lib/jvm/java-7-openjdk-amd64/jre/lib/amd64/server/libjvm.so
7f9ed5287000-7f9ed5326000 r--p 00b57000 08:01 4331066                    /usr/lib/jvm/java-7-openjdk-amd64/jre/lib/amd64/server/libjvm.so
7f9ed5326000-7f9ed5349000 rw-p 00bf6000 08:01 4331066                    /usr/lib/jvm/java-7-openjdk-amd64/jre/lib/amd64/server/libjvm.so
7f9ed5349000-7f9ed5376000 rw-p 00000000 00:00 0 
7f9ed5376000-7f9ed538f000 r-xp 00000000 08:01 6033763                    /lib/x86_64-linux-gnu/libz.so.1.2.8
7f9ed538f000-7f9ed558f000 ---p 00019000 08:01 6033763                    /lib/x86_64-linux-gnu/libz.so.1.2.8
7f9ed558f000-7f9ed5590000 r--p 00019000 08:01 6033763                    /lib/x86_64-linux-gnu/libz.so.1.2.8
7f9ed5590000-7f9ed5591000 rw-p 0001a000 08:01 6033763                    /lib/x86_64-linux-gnu/libz.so.1.2.8
7f9ed5591000-7f9ed55a9000 r-xp 00000000 08:01 6033722                    /lib/x86_64-linux-gnu/libpthread-2.21.so
7f9ed55a9000-7f9ed57a9000 ---p 00018000 08:01 6033722                    /lib/x86_64-linux-gnu/libpthread-2.21.so
7f9ed57a9000-7f9ed57aa000 r--p 00018000 08:01 6033722                    /lib/x86_64-linux-gnu/libpthread-2.21.so
7f9ed57aa000-7f9ed57ab000 rw-p 00019000 08:01 6033722                    /lib/x86_64-linux-gnu/libpthread-2.21.so
7f9ed57ab000-7f9ed57af000 rw-p 00000000 00:00 0 
7f9ed57af000-7f9ed57b2000 r-xp 00000000 08:01 6033606                    /lib/x86_64-linux-gnu/libdl-2.21.so
7f9ed57b2000-7f9ed59b1000 ---p 00003000 08:01 6033606                    /lib/x86_64-linux-gnu/libdl-2.21.so
7f9ed59b1000-7f9ed59b2000 r--p 00002000 08:01 6033606                    /lib/x86_64-linux-gnu/libdl-2.21.so
7f9ed59b2000-7f9ed59b3000 rw-p 00003000 08:01 6033606                    /lib/x86_64-linux-gnu/libdl-2.21.so
7f9ed59b3000-7f9ed5b73000 r-xp 00000000 08:01 6033589                    /lib/x86_64-linux-gnu/libc-2.21.so
7f9ed5b73000-7f9ed5d73000 ---p 001c0000 08:01 6033589                    /lib/x86_64-linux-gnu/libc-2.21.so
7f9ed5d73000-7f9ed5d77000 r--p 001c0000 08:01 6033589                    /lib/x86_64-linux-gnu/libc-2.21.so
7f9ed5d77000-7f9ed5d79000 rw-p 001c4000 08:01 6033589                    /lib/x86_64-linux-gnu/libc-2.21.so
7f9ed5d79000-7f9ed5d7d000 rw-p 00000000 00:00 0 
7f9ed5d7d000-7f9ed5d8a000 r-xp 00000000 08:01 4331063                    /usr/lib/jvm/java-7-openjdk-amd64/jre/lib/amd64/jli/libjli.so
7f9ed5d8a000-7f9ed5f89000 ---p 0000d000 08:01 4331063                    /usr/lib/jvm/java-7-openjdk-amd64/jre/lib/amd64/jli/libjli.so
7f9ed5f89000-7f9ed5f8a000 r--p 0000c000 08:01 4331063                    /usr/lib/jvm/java-7-openjdk-amd64/jre/lib/amd64/jli/libjli.so
7f9ed5f8a000-7f9ed5f8b000 rw-p 0000d000 08:01 4331063                    /usr/lib/jvm/java-7-openjdk-amd64/jre/lib/amd64/jli/libjli.so
7f9ed5f8b000-7f9ed5faf000 r-xp 00000000 08:01 6033561                    /lib/x86_64-linux-gnu/ld-2.21.so
7f9ed5faf000-7f9ed5fb0000 r--s 00000000 08:01 3806284                    /usr/share/java/jayatanaag.jar
7f9ed5fb0000-7f9ed5fb4000 r--s 00034000 08:01 4198789                    /usr/lib/jvm/java-7-openjdk-amd64/jre/lib/ext/sunjce_provider.jar
7f9ed5fb4000-7f9ed5fb7000 r--s 0000f000 08:01 4198791                    /usr/lib/jvm/java-7-openjdk-amd64/jre/lib/ext/icedtea-sound.jar
7f9ed5fb7000-7f9ed5fbb000 r--s 0003c000 08:01 4198790                    /usr/lib/jvm/java-7-openjdk-amd64/jre/lib/ext/sunpkcs11.jar
7f9ed5fbb000-7f9ed5fbd000 r--s 00006000 08:01 3807562                    /usr/share/java/java-atk-wrapper.jar
7f9ed5fbd000-7f9ed5fc1000 r--s 00085000 08:01 4198787                    /usr/lib/jvm/java-7-openjdk-amd64/jre/lib/ext/localedata.jar
7f9ed5fc1000-7f9ed5fcb000 rw-p 00000000 00:00 0 
7f9ed5fcb000-7f9ed6081000 rw-p 00000000 00:00 0 
7f9ed6081000-7f9ed6084000 ---p 00000000 00:00 0 
7f9ed6084000-7f9ed6187000 rw-p 00000000 00:00 0                          [stack:6521]
7f9ed6187000-7f9ed6188000 r--s 00002000 08:01 4198788                    /usr/lib/jvm/java-7-openjdk-amd64/jre/lib/ext/dnsns.jar
7f9ed6188000-7f9ed618a000 r--s 00012000 08:01 4198792                    /usr/lib/jvm/java-7-openjdk-amd64/jre/lib/ext/zipfs.jar
7f9ed618a000-7f9ed61a2000 rw-p 00000000 00:00 0 
7f9ed61a2000-7f9ed61aa000 rw-s 00000000 08:01 8000505                    /tmp/hsperfdata_hridoy/6517
7f9ed61aa000-7f9ed61ab000 rw-p 00000000 00:00 0 
7f9ed61ab000-7f9ed61ac000 ---p 00000000 00:00 0 
7f9ed61ac000-7f9ed61ae000 rw-p 00000000 00:00 0 
7f9ed61ae000-7f9ed61af000 r--p 00023000 08:01 6033561                    /lib/x86_64-linux-gnu/ld-2.21.so
7f9ed61af000-7f9ed61b0000 rw-p 00024000 08:01 6033561                    /lib/x86_64-linux-gnu/ld-2.21.so
7f9ed61b0000-7f9ed61b1000 rw-p 00000000 00:00 0 
7fffdbaf3000-7fffdbb14000 rw-p 00000000 00:00 0                          [stack]
7fffdbbb8000-7fffdbbba000 r--p 00000000 00:00 0                          [vvar]
7fffdbbba000-7fffdbbbc000 r-xp 00000000 00:00 0                          [vdso]
ffffffffff600000-ffffffffff601000 r-xp 00000000 00:00 0                  [vsyscall]

VM Arguments:
jvm_args: -javaagent:/usr/share/java/jayatanaag.jar -Djava.awt.headless=true -Xmx1024M -Dfile.encoding=UTF-8 -Duser.country=IN -Duser.language=en -Duser.variant 
java_command: com.android.dx.command.Main --dex --num-threads=4 --output /home/hridoy/AndroidStudioProjects/DisarmConnect2/app/build/intermediates/pre-dexed/debug/com.android.support-support-v4-23.1.1_d6980bef6ca611b30436336996b6ce8c50035e17.jar /home/hridoy/AndroidStudioProjects/DisarmConnect2/app/build/intermediates/exploded-aar/com.android.support/support-v4/23.1.1/jars/classes.jar
Launcher Type: SUN_STANDARD

Environment Variables:
JAVA_TOOL_OPTIONS=-javaagent:/usr/share/java/jayatanaag.jar 
PATH=/usr/local/sbin:/usr/local/bin:/usr/sbin:/usr/bin:/sbin:/bin:/usr/games:/usr/local/games
LD_LIBRARY_PATH=/opt/android-studio/bin:
SHELL=/bin/bash
DISPLAY=:0

Signal Handlers:
SIGSEGV: [libjvm.so+0x98ac50], sa_mask[0]=0x7ffbfeff, sa_flags=0x10000004
SIGBUS: [libjvm.so+0x98ac50], sa_mask[0]=0x7ffbfeff, sa_flags=0x10000004
SIGFPE: [libjvm.so+0x7f8ab0], sa_mask[0]=0x7ffbfeff, sa_flags=0x10000004
SIGPIPE: [libjvm.so+0x7f8ab0], sa_mask[0]=0x7ffbfeff, sa_flags=0x10000004
SIGXFSZ: [libjvm.so+0x7f8ab0], sa_mask[0]=0x7ffbfeff, sa_flags=0x10000004
SIGILL: [libjvm.so+0x7f8ab0], sa_mask[0]=0x7ffbfeff, sa_flags=0x10000004
SIGUSR1: SIG_DFL, sa_mask[0]=0x00000000, sa_flags=0x00000000
SIGUSR2: [libjvm.so+0x7f8930], sa_mask[0]=0x00000004, sa_flags=0x10000004
SIGHUP: [libjvm.so+0x7f8b30], sa_mask[0]=0x7ffbfeff, sa_flags=0x10000004
SIGINT: [libjvm.so+0x7f8b30], sa_mask[0]=0x7ffbfeff, sa_flags=0x10000004
SIGTERM: [libjvm.so+0x7f8b30], sa_mask[0]=0x7ffbfeff, sa_flags=0x10000004
SIGQUIT: [libjvm.so+0x7f8b30], sa_mask[0]=0x7ffbfeff, sa_flags=0x10000004
SIGTRAP: SIG_DFL, sa_mask[0]=0x00000000, sa_flags=0x00000000


---------------  S Y S T E M  ---------------

OS:Ubuntu 15.04 (vivid)
uname:Linux 3.19.0-15-generic #15-Ubuntu SMP Thu Apr 16 23:32:37 UTC 2015 x86_64
libc:glibc 2.21 NPTL 2.21 
rlimit: STACK 8192k, CORE 0k, NPROC 15134, NOFILE 65536, AS infinity
load average:9.79 3.96 1.79

/proc/meminfo:
MemTotal:        3896820 kB
MemFree:          128872 kB
MemAvailable:      83180 kB
Buffers:             968 kB
Cached:           595984 kB
SwapCached:            0 kB
Active:          3031124 kB
Inactive:         559332 kB
Active(anon):    3019796 kB
Inactive(anon):   544500 kB
Active(file):      11328 kB
Inactive(file):    14832 kB
Unevictable:          32 kB
Mlocked:              32 kB
SwapTotal:             0 kB
SwapFree:              0 kB
Dirty:               400 kB
Writeback:             0 kB
AnonPages:       2993880 kB
Mapped:           110280 kB
Shmem:            570464 kB
Slab:              88036 kB
SReclaimable:      51384 kB
SUnreclaim:        36652 kB
KernelStack:       12624 kB
PageTables:        42060 kB
NFS_Unstable:          0 kB
Bounce:                0 kB
WritebackTmp:          0 kB
CommitLimit:     1948408 kB
Committed_AS:    8215980 kB
VmallocTotal:   34359738367 kB
VmallocUsed:      544152 kB
VmallocChunk:   34359186908 kB
HardwareCorrupted:     0 kB
AnonHugePages:   1886208 kB
CmaTotal:              0 kB
CmaFree:               0 kB
HugePages_Total:       0
HugePages_Free:        0
HugePages_Rsvd:        0
HugePages_Surp:        0
Hugepagesize:       2048 kB
DirectMap4k:      174336 kB
DirectMap2M:     3868672 kB


CPU:total 4 (2 cores per cpu, 2 threads per core) family 6 model 42 stepping 7, cmov, cx8, fxsr, mmx, sse, sse2, sse3, ssse3, sse4.1, sse4.2, popcnt, avx, ht, tsc, tscinvbit

/proc/cpuinfo:
processor	: 0
vendor_id	: GenuineIntel
cpu family	: 6
model		: 42
model name	: Intel(R) Core(TM) i3-2310M CPU @ 2.10GHz
stepping	: 7
microcode	: 0x17
cpu MHz		: 2099.917
cache size	: 3072 KB
physical id	: 0
siblings	: 4
core id		: 0
cpu cores	: 2
apicid		: 0
initial apicid	: 0
fpu		: yes
fpu_exception	: yes
cpuid level	: 13
wp		: yes
flags		: fpu vme de pse tsc msr pae mce cx8 apic sep mtrr pge mca cmov pat pse36 clflush dts acpi mmx fxsr sse sse2 ss ht tm pbe syscall nx rdtscp lm constant_tsc arch_perfmon pebs bts rep_good nopl xtopology nonstop_tsc aperfmperf eagerfpu pni pclmulqdq dtes64 monitor ds_cpl vmx est tm2 ssse3 cx16 xtpr pdcm pcid sse4_1 sse4_2 x2apic popcnt tsc_deadline_timer xsave avx lahf_lm arat epb pln pts dtherm tpr_shadow vnmi flexpriority ept vpid xsaveopt
bugs		:
bogomips	: 4190.55
clflush size	: 64
cache_alignment	: 64
address sizes	: 36 bits physical, 48 bits virtual
power management:

processor	: 1
vendor_id	: GenuineIntel
cpu family	: 6
model		: 42
model name	: Intel(R) Core(TM) i3-2310M CPU @ 2.10GHz
stepping	: 7
microcode	: 0x17
cpu MHz		: 2099.917
cache size	: 3072 KB
physical id	: 0
siblings	: 4
core id		: 0
cpu cores	: 2
apicid		: 1
initial apicid	: 1
fpu		: yes
fpu_exception	: yes
cpuid level	: 13
wp		: yes
flags		: fpu vme de pse tsc msr pae mce cx8 apic sep mtrr pge mca cmov pat pse36 clflush dts acpi mmx fxsr sse sse2 ss ht tm pbe syscall nx rdtscp lm constant_tsc arch_perfmon pebs bts rep_good nopl xtopology nonstop_tsc aperfmperf eagerfpu pni pclmulqdq dtes64 monitor ds_cpl vmx est tm2 ssse3 cx16 xtpr pdcm pcid sse4_1 sse4_2 x2apic popcnt tsc_deadline_timer xsave avx lahf_lm arat epb pln pts dtherm tpr_shadow vnmi flexpriority ept vpid xsaveopt
bugs		:
bogomips	: 4190.55
clflush size	: 64
cache_alignment	: 64
address sizes	: 36 bits physical, 48 bits virtual
power management:

processor	: 2
vendor_id	: GenuineIntel
cpu family	: 6
model		: 42
model name	: Intel(R) Core(TM) i3-2310M CPU @ 2.10GHz
stepping	: 7
microcode	: 0x17
cpu MHz		: 2100.000
cache size	: 3072 KB
physical id	: 0
siblings	: 4
core id		: 1
cpu cores	: 2
apicid		: 2
initial apicid	: 2
fpu		: yes
fpu_exception	: yes
cpuid level	: 13
wp		: yes
flags		: fpu vme de pse tsc msr pae mce cx8 apic sep mtrr pge mca cmov pat pse36 clflush dts acpi mmx fxsr sse sse2 ss ht tm pbe syscall nx rdtscp lm constant_tsc arch_perfmon pebs bts rep_good nopl xtopology nonstop_tsc aperfmperf eagerfpu pni pclmulqdq dtes64 monitor ds_cpl vmx est tm2 ssse3 cx16 xtpr pdcm pcid sse4_1 sse4_2 x2apic popcnt tsc_deadline_timer xsave avx lahf_lm arat epb pln pts dtherm tpr_shadow vnmi flexpriority ept vpid xsaveopt
bugs		:
bogomips	: 4190.55
clflush size	: 64
cache_alignment	: 64
address sizes	: 36 bits physical, 48 bits virtual
power management:

processor	: 3
vendor_id	: GenuineIntel
cpu family	: 6
model		: 42
model name	: Intel(R) Core(TM) i3-2310M CPU @ 2.10GHz
stepping	: 7
microcode	: 0x17
cpu MHz		: 2100.000
cache size	: 3072 KB
physical id	: 0
siblings	: 4
core id		: 1
cpu cores	: 2
apicid		: 3
initial apicid	: 3
fpu		: yes
fpu_exception	: yes
cpuid level	: 13
wp		: yes
flags		: fpu vme de pse tsc msr pae mce cx8 apic sep mtrr pge mca cmov pat pse36 clflush dts acpi mmx fxsr sse sse2 ss ht tm pbe syscall nx rdtscp lm constant_tsc arch_perfmon pebs bts rep_good nopl xtopology nonstop_tsc aperfmperf eagerfpu pni pclmulqdq dtes64 monitor ds_cpl vmx est tm2 ssse3 cx16 xtpr pdcm pcid sse4_1 sse4_2 x2apic popcnt tsc_deadline_timer xsave avx lahf_lm arat epb pln pts dtherm tpr_shadow vnmi flexpriority ept vpid xsaveopt
bugs		:
bogomips	: 4190.55
clflush size	: 64
cache_alignment	: 64
address sizes	: 36 bits physical, 48 bits virtual
power management:



Memory: 4k page, physical 3896820k(128872k free), swap 0k(0k free)

vm_info: OpenJDK 64-Bit Server VM (24.79-b02) for linux-amd64 JRE (1.7.0_79-b14), built on Jul 24 2015 05:24:39 by "buildd" with gcc 4.9.2

time: Fri Dec 11 23:40:51 2015
elapsed time: 24 seconds

